Note: removing empty dict from end of JSON.
Note: removing empty dict from end of JSON.

Found edit distance of 3 between Text fields of reference and got tokens.
      | ReferenceTokens  | GotTokens       
------|------------------|------------------
      | 'float'          | 'float'         
      | 'x'              | 'x'             
      | '='              | '='             
DEL   |                  | '0'             
DEL   |                  | '.'             
SUBST | '0.44'           | '44'            
      | ';'              | ';'             

refIdx=0, gotIdx=0, text='float' : Expected SourceLine = 1, got SourceLine = 0
   ref = {'Text': 'float', 'SourceFile': '', 'StreamLine': 1, 'SourceLine': 1, 'SourceCol': 1, 'Class': 'Keyword'}
   got = {'Text': 'float', 'SourceFile': '', 'StreamLine': 1, 'SourceLine': 0, 'SourceCol': 1, 'Class': 'Keyword'}
refIdx=1, gotIdx=1, text='x' : Expected SourceLine = 1, got SourceLine = 0
   ref = {'Text': 'x', 'SourceFile': '', 'StreamLine': 1, 'SourceLine': 1, 'SourceCol': 7, 'Class': 'Identifier'}
   got = {'Text': 'x', 'SourceFile': '', 'StreamLine': 1, 'SourceLine': 0, 'SourceCol': 7, 'Class': 'Identifier'}
refIdx=2, gotIdx=2, text='=' : Expected SourceLine = 1, got SourceLine = 0
   ref = {'Text': '=', 'SourceFile': '', 'StreamLine': 1, 'SourceLine': 1, 'SourceCol': 8, 'Class': 'Operator'}
   got = {'Text': '=', 'SourceFile': '', 'StreamLine': 1, 'SourceLine': 0, 'SourceCol': 8, 'Class': 'Operator'}
refIdx=6, gotIdx=4, text=';' : Expected SourceLine = 1, got SourceLine = 0
   ref = {'Text': ';', 'SourceFile': '', 'StreamLine': 1, 'SourceLine': 1, 'SourceCol': 13, 'Class': 'Operator'}
   got = {'Text': ';', 'SourceFile': '', 'StreamLine': 1, 'SourceLine': 0, 'SourceCol': 13, 'Class': 'Operator'}
