Note: removing empty dict from end of JSON.
Note: removing empty dict from end of JSON.
refIdx=0, gotIdx=0, text='int' : Expected SourceLine = 1, got SourceLine = 0
   ref = {'SourceFile': '', 'Class': 'Keyword', 'SourceCol': 1, 'SourceLine': 1, 'StreamLine': 1, 'Text': 'int'}
   got = {'SourceFile': '', 'Class': 'Keyword', 'SourceCol': 1, 'SourceLine': 0, 'StreamLine': 1, 'Text': 'int'}
refIdx=1, gotIdx=1, text='x' : Expected SourceLine = 1, got SourceLine = 0
   ref = {'SourceFile': '', 'Class': 'Identifier', 'SourceCol': 5, 'SourceLine': 1, 'StreamLine': 1, 'Text': 'x'}
   got = {'SourceFile': '', 'Class': 'Identifier', 'SourceCol': 5, 'SourceLine': 0, 'StreamLine': 1, 'Text': 'x'}
refIdx=2, gotIdx=2, text='=' : Expected SourceLine = 1, got SourceLine = 0
   ref = {'SourceFile': '', 'Class': 'Operator', 'SourceCol': 7, 'SourceLine': 1, 'StreamLine': 1, 'Text': '='}
   got = {'SourceFile': '', 'Class': 'Operator', 'SourceCol': 7, 'SourceLine': 0, 'StreamLine': 1, 'Text': '='}
refIdx=3, gotIdx=3, text='-' : Expected SourceLine = 1, got SourceLine = 0
   ref = {'SourceFile': '', 'Class': 'Operator', 'SourceCol': 8, 'SourceLine': 1, 'StreamLine': 1, 'Text': '-'}
   got = {'SourceFile': '', 'Class': 'Operator', 'SourceCol': 8, 'SourceLine': 0, 'StreamLine': 1, 'Text': '-'}
refIdx=4, gotIdx=4, text='0x1000000' : Expected SourceLine = 1, got SourceLine = 0
   ref = {'SourceFile': '', 'Class': 'Constant', 'SourceCol': 9, 'SourceLine': 1, 'StreamLine': 1, 'Text': '0x1000000'}
   got = {'SourceFile': '', 'Class': 'Constant', 'SourceCol': 9, 'SourceLine': 0, 'StreamLine': 1, 'Text': '0x1000000'}
refIdx=5, gotIdx=5, text=';' : Expected SourceLine = 1, got SourceLine = 0
   ref = {'SourceFile': '', 'Class': 'Operator', 'SourceCol': 19, 'SourceLine': 1, 'StreamLine': 1, 'Text': ';'}
   got = {'SourceFile': '', 'Class': 'Operator', 'SourceCol': 19, 'SourceLine': 0, 'StreamLine': 1, 'Text': ';'}
