Note: removing empty dict from end of JSON.
Note: removing empty dict from end of JSON.
refIdx=0, gotIdx=0, text='int' : Expected SourceLine = 1, got SourceLine = 0
   ref = {'Text': 'int', 'SourceCol': 1, 'SourceFile': '', 'SourceLine': 1, 'Class': 'Keyword', 'StreamLine': 1}
   got = {'Text': 'int', 'SourceCol': 1, 'SourceFile': '', 'SourceLine': 0, 'Class': 'Keyword', 'StreamLine': 1}
refIdx=1, gotIdx=1, text='x' : Expected SourceLine = 1, got SourceLine = 0
   ref = {'Text': 'x', 'SourceCol': 5, 'SourceFile': '', 'SourceLine': 1, 'Class': 'Identifier', 'StreamLine': 1}
   got = {'Text': 'x', 'SourceCol': 5, 'SourceFile': '', 'SourceLine': 0, 'Class': 'Identifier', 'StreamLine': 1}
refIdx=2, gotIdx=2, text='=' : Expected SourceLine = 1, got SourceLine = 0
   ref = {'Text': '=', 'SourceCol': 6, 'SourceFile': '', 'SourceLine': 1, 'Class': 'Operator', 'StreamLine': 1}
   got = {'Text': '=', 'SourceCol': 6, 'SourceFile': '', 'SourceLine': 0, 'Class': 'Operator', 'StreamLine': 1}
refIdx=3, gotIdx=3, text='-' : Expected SourceLine = 1, got SourceLine = 0
   ref = {'Text': '-', 'SourceCol': 9, 'SourceFile': '', 'SourceLine': 1, 'Class': 'Operator', 'StreamLine': 1}
   got = {'Text': '-', 'SourceCol': 9, 'SourceFile': '', 'SourceLine': 0, 'Class': 'Operator', 'StreamLine': 1}
refIdx=4, gotIdx=4, text='056' : Expected SourceLine = 1, got SourceLine = 0
   ref = {'Text': '056', 'SourceCol': 10, 'SourceFile': '', 'SourceLine': 1, 'Class': 'Constant', 'StreamLine': 1}
   got = {'Text': '056', 'SourceCol': 10, 'SourceFile': '', 'SourceLine': 0, 'Class': 'Constant', 'StreamLine': 1}
refIdx=5, gotIdx=5, text=';' : Expected SourceLine = 1, got SourceLine = 0
   ref = {'Text': ';', 'SourceCol': 13, 'SourceFile': '', 'SourceLine': 1, 'Class': 'Operator', 'StreamLine': 1}
   got = {'Text': ';', 'SourceCol': 13, 'SourceFile': '', 'SourceLine': 0, 'Class': 'Operator', 'StreamLine': 1}
