Note: removing empty dict from end of JSON.
Note: removing empty dict from end of JSON.
refIdx=0, gotIdx=0, text='struct' : Expected SourceLine = 2, got SourceLine = 1
   ref = {'Text': 'struct', 'SourceFile': '', 'Class': 'Keyword', 'StreamLine': 2, 'SourceLine': 2, 'SourceCol': 1}
   got = {'Text': 'struct', 'SourceFile': '', 'Class': 'Keyword', 'StreamLine': 2, 'SourceLine': 1, 'SourceCol': 1}
refIdx=1, gotIdx=1, text='x' : Expected SourceLine = 2, got SourceLine = 1
   ref = {'Text': 'x', 'SourceFile': '', 'Class': 'Identifier', 'StreamLine': 2, 'SourceLine': 2, 'SourceCol': 8}
   got = {'Text': 'x', 'SourceFile': '', 'Class': 'Identifier', 'StreamLine': 2, 'SourceLine': 1, 'SourceCol': 8}
refIdx=2, gotIdx=2, text='{' : Expected SourceLine = 2, got SourceLine = 1
   ref = {'Text': '{', 'SourceFile': '', 'Class': 'Operator', 'StreamLine': 2, 'SourceLine': 2, 'SourceCol': 9}
   got = {'Text': '{', 'SourceFile': '', 'Class': 'Operator', 'StreamLine': 2, 'SourceLine': 1, 'SourceCol': 9}
refIdx=3, gotIdx=3, text='int' : Expected SourceLine = 3, got SourceLine = 2
   ref = {'Text': 'int', 'SourceFile': '', 'Class': 'Keyword', 'StreamLine': 3, 'SourceLine': 3, 'SourceCol': 3}
   got = {'Text': 'int', 'SourceFile': '', 'Class': 'Keyword', 'StreamLine': 3, 'SourceLine': 2, 'SourceCol': 3}
refIdx=4, gotIdx=4, text='f' : Expected SourceLine = 3, got SourceLine = 2
   ref = {'Text': 'f', 'SourceFile': '', 'Class': 'Identifier', 'StreamLine': 3, 'SourceLine': 3, 'SourceCol': 7}
   got = {'Text': 'f', 'SourceFile': '', 'Class': 'Identifier', 'StreamLine': 3, 'SourceLine': 2, 'SourceCol': 7}
refIdx=5, gotIdx=5, text=';' : Expected SourceLine = 3, got SourceLine = 2
   ref = {'Text': ';', 'SourceFile': '', 'Class': 'Operator', 'StreamLine': 3, 'SourceLine': 3, 'SourceCol': 8}
   got = {'Text': ';', 'SourceFile': '', 'Class': 'Operator', 'StreamLine': 3, 'SourceLine': 2, 'SourceCol': 8}
refIdx=6, gotIdx=6, text='}' : Expected SourceLine = 4, got SourceLine = 3
   ref = {'Text': '}', 'SourceFile': '', 'Class': 'Operator', 'StreamLine': 4, 'SourceLine': 4, 'SourceCol': 1}
   got = {'Text': '}', 'SourceFile': '', 'Class': 'Operator', 'StreamLine': 4, 'SourceLine': 3, 'SourceCol': 1}
refIdx=7, gotIdx=7, text=';' : Expected SourceLine = 4, got SourceLine = 3
   ref = {'Text': ';', 'SourceFile': '', 'Class': 'Operator', 'StreamLine': 4, 'SourceLine': 4, 'SourceCol': 2}
   got = {'Text': ';', 'SourceFile': '', 'Class': 'Operator', 'StreamLine': 4, 'SourceLine': 3, 'SourceCol': 2}
refIdx=8, gotIdx=8, text='int' : Expected SourceLine = 7, got SourceLine = 6
   ref = {'Text': 'int', 'SourceFile': '', 'Class': 'Keyword', 'StreamLine': 7, 'SourceLine': 7, 'SourceCol': 1}
   got = {'Text': 'int', 'SourceFile': '', 'Class': 'Keyword', 'StreamLine': 7, 'SourceLine': 6, 'SourceCol': 1}
refIdx=9, gotIdx=9, text='main' : Expected SourceLine = 7, got SourceLine = 6
   ref = {'Text': 'main', 'SourceFile': '', 'Class': 'Identifier', 'StreamLine': 7, 'SourceLine': 7, 'SourceCol': 5}
   got = {'Text': 'main', 'SourceFile': '', 'Class': 'Identifier', 'StreamLine': 7, 'SourceLine': 6, 'SourceCol': 5}
refIdx=10, gotIdx=10, text='(' : Expected SourceLine = 7, got SourceLine = 6
   ref = {'Text': '(', 'SourceFile': '', 'Class': 'Operator', 'StreamLine': 7, 'SourceLine': 7, 'SourceCol': 9}
   got = {'Text': '(', 'SourceFile': '', 'Class': 'Operator', 'StreamLine': 7, 'SourceLine': 6, 'SourceCol': 9}
refIdx=11, gotIdx=11, text=')' : Expected SourceLine = 7, got SourceLine = 6
   ref = {'Text': ')', 'SourceFile': '', 'Class': 'Operator', 'StreamLine': 7, 'SourceLine': 7, 'SourceCol': 10}
   got = {'Text': ')', 'SourceFile': '', 'Class': 'Operator', 'StreamLine': 7, 'SourceLine': 6, 'SourceCol': 10}
refIdx=12, gotIdx=12, text='{' : Expected SourceLine = 8, got SourceLine = 7
   ref = {'Text': '{', 'SourceFile': '', 'Class': 'Operator', 'StreamLine': 8, 'SourceLine': 8, 'SourceCol': 1}
   got = {'Text': '{', 'SourceFile': '', 'Class': 'Operator', 'StreamLine': 8, 'SourceLine': 7, 'SourceCol': 1}
refIdx=13, gotIdx=13, text='struct' : Expected SourceLine = 10, got SourceLine = 9
   ref = {'Text': 'struct', 'SourceFile': '', 'Class': 'Keyword', 'StreamLine': 10, 'SourceLine': 10, 'SourceCol': 3}
   got = {'Text': 'struct', 'SourceFile': '', 'Class': 'Keyword', 'StreamLine': 10, 'SourceLine': 9, 'SourceCol': 3}
refIdx=14, gotIdx=14, text='x' : Expected SourceLine = 10, got SourceLine = 9
   ref = {'Text': 'x', 'SourceFile': '', 'Class': 'Identifier', 'StreamLine': 10, 'SourceLine': 10, 'SourceCol': 10}
   got = {'Text': 'x', 'SourceFile': '', 'Class': 'Identifier', 'StreamLine': 10, 'SourceLine': 9, 'SourceCol': 10}
refIdx=15, gotIdx=15, text='tmp' : Expected SourceLine = 10, got SourceLine = 9
   ref = {'Text': 'tmp', 'SourceFile': '', 'Class': 'Identifier', 'StreamLine': 10, 'SourceLine': 10, 'SourceCol': 12}
   got = {'Text': 'tmp', 'SourceFile': '', 'Class': 'Identifier', 'StreamLine': 10, 'SourceLine': 9, 'SourceCol': 12}
refIdx=16, gotIdx=16, text=';' : Expected SourceLine = 10, got SourceLine = 9
   ref = {'Text': ';', 'SourceFile': '', 'Class': 'Operator', 'StreamLine': 10, 'SourceLine': 10, 'SourceCol': 15}
   got = {'Text': ';', 'SourceFile': '', 'Class': 'Operator', 'StreamLine': 10, 'SourceLine': 9, 'SourceCol': 15}
refIdx=17, gotIdx=17, text='struct' : Expected SourceLine = 11, got SourceLine = 10
   ref = {'Text': 'struct', 'SourceFile': '', 'Class': 'Keyword', 'StreamLine': 11, 'SourceLine': 11, 'SourceCol': 3}
   got = {'Text': 'struct', 'SourceFile': '', 'Class': 'Keyword', 'StreamLine': 11, 'SourceLine': 10, 'SourceCol': 3}
refIdx=18, gotIdx=18, text='x' : Expected SourceLine = 11, got SourceLine = 10
   ref = {'Text': 'x', 'SourceFile': '', 'Class': 'Identifier', 'StreamLine': 11, 'SourceLine': 11, 'SourceCol': 10}
   got = {'Text': 'x', 'SourceFile': '', 'Class': 'Identifier', 'StreamLine': 11, 'SourceLine': 10, 'SourceCol': 10}
refIdx=19, gotIdx=19, text='*' : Expected SourceLine = 11, got SourceLine = 10
   ref = {'Text': '*', 'SourceFile': '', 'Class': 'Operator', 'StreamLine': 11, 'SourceLine': 11, 'SourceCol': 11}
   got = {'Text': '*', 'SourceFile': '', 'Class': 'Operator', 'StreamLine': 11, 'SourceLine': 10, 'SourceCol': 11}
refIdx=20, gotIdx=20, text='px' : Expected SourceLine = 11, got SourceLine = 10
   ref = {'Text': 'px', 'SourceFile': '', 'Class': 'Identifier', 'StreamLine': 11, 'SourceLine': 11, 'SourceCol': 12}
   got = {'Text': 'px', 'SourceFile': '', 'Class': 'Identifier', 'StreamLine': 11, 'SourceLine': 10, 'SourceCol': 12}
refIdx=21, gotIdx=21, text='=' : Expected SourceLine = 11, got SourceLine = 10
   ref = {'Text': '=', 'SourceFile': '', 'Class': 'Operator', 'StreamLine': 11, 'SourceLine': 11, 'SourceCol': 14}
   got = {'Text': '=', 'SourceFile': '', 'Class': 'Operator', 'StreamLine': 11, 'SourceLine': 10, 'SourceCol': 14}
refIdx=22, gotIdx=22, text='&' : Expected SourceLine = 11, got SourceLine = 10
   ref = {'Text': '&', 'SourceFile': '', 'Class': 'Operator', 'StreamLine': 11, 'SourceLine': 11, 'SourceCol': 15}
   got = {'Text': '&', 'SourceFile': '', 'Class': 'Operator', 'StreamLine': 11, 'SourceLine': 10, 'SourceCol': 15}
refIdx=23, gotIdx=23, text='tmp' : Expected SourceLine = 11, got SourceLine = 10
   ref = {'Text': 'tmp', 'SourceFile': '', 'Class': 'Identifier', 'StreamLine': 11, 'SourceLine': 11, 'SourceCol': 16}
   got = {'Text': 'tmp', 'SourceFile': '', 'Class': 'Identifier', 'StreamLine': 11, 'SourceLine': 10, 'SourceCol': 16}
refIdx=24, gotIdx=24, text=';' : Expected SourceLine = 11, got SourceLine = 10
   ref = {'Text': ';', 'SourceFile': '', 'Class': 'Operator', 'StreamLine': 11, 'SourceLine': 11, 'SourceCol': 19}
   got = {'Text': ';', 'SourceFile': '', 'Class': 'Operator', 'StreamLine': 11, 'SourceLine': 10, 'SourceCol': 19}
refIdx=25, gotIdx=25, text='int' : Expected SourceLine = 13, got SourceLine = 12
   ref = {'Text': 'int', 'SourceFile': '', 'Class': 'Keyword', 'StreamLine': 13, 'SourceLine': 13, 'SourceCol': 3}
   got = {'Text': 'int', 'SourceFile': '', 'Class': 'Keyword', 'StreamLine': 13, 'SourceLine': 12, 'SourceCol': 3}
refIdx=26, gotIdx=26, text='t' : Expected SourceLine = 13, got SourceLine = 12
   ref = {'Text': 't', 'SourceFile': '', 'Class': 'Identifier', 'StreamLine': 13, 'SourceLine': 13, 'SourceCol': 7}
   got = {'Text': 't', 'SourceFile': '', 'Class': 'Identifier', 'StreamLine': 13, 'SourceLine': 12, 'SourceCol': 7}
refIdx=27, gotIdx=27, text='=' : Expected SourceLine = 13, got SourceLine = 12
   ref = {'Text': '=', 'SourceFile': '', 'Class': 'Operator', 'StreamLine': 13, 'SourceLine': 13, 'SourceCol': 8}
   got = {'Text': '=', 'SourceFile': '', 'Class': 'Operator', 'StreamLine': 13, 'SourceLine': 12, 'SourceCol': 8}
refIdx=28, gotIdx=28, text='sizeof' : Expected Class = Operator, got Class = Keyword
   ref = {'Text': 'sizeof', 'SourceFile': '', 'Class': 'Operator', 'StreamLine': 13, 'SourceLine': 13, 'SourceCol': 9}
   got = {'Text': 'sizeof', 'SourceFile': '', 'Class': 'Keyword', 'StreamLine': 13, 'SourceLine': 12, 'SourceCol': 9}
refIdx=28, gotIdx=28, text='sizeof' : Expected SourceLine = 13, got SourceLine = 12
   ref = {'Text': 'sizeof', 'SourceFile': '', 'Class': 'Operator', 'StreamLine': 13, 'SourceLine': 13, 'SourceCol': 9}
   got = {'Text': 'sizeof', 'SourceFile': '', 'Class': 'Keyword', 'StreamLine': 13, 'SourceLine': 12, 'SourceCol': 9}
refIdx=29, gotIdx=29, text='(' : Expected SourceLine = 13, got SourceLine = 12
   ref = {'Text': '(', 'SourceFile': '', 'Class': 'Operator', 'StreamLine': 13, 'SourceLine': 13, 'SourceCol': 15}
   got = {'Text': '(', 'SourceFile': '', 'Class': 'Operator', 'StreamLine': 13, 'SourceLine': 12, 'SourceCol': 15}
refIdx=30, gotIdx=30, text='tmp' : Expected SourceLine = 13, got SourceLine = 12
   ref = {'Text': 'tmp', 'SourceFile': '', 'Class': 'Identifier', 'StreamLine': 13, 'SourceLine': 13, 'SourceCol': 16}
   got = {'Text': 'tmp', 'SourceFile': '', 'Class': 'Identifier', 'StreamLine': 13, 'SourceLine': 12, 'SourceCol': 16}
refIdx=31, gotIdx=31, text=')' : Expected SourceLine = 13, got SourceLine = 12
   ref = {'Text': ')', 'SourceFile': '', 'Class': 'Operator', 'StreamLine': 13, 'SourceLine': 13, 'SourceCol': 19}
   got = {'Text': ')', 'SourceFile': '', 'Class': 'Operator', 'StreamLine': 13, 'SourceLine': 12, 'SourceCol': 19}
refIdx=32, gotIdx=32, text=';' : Expected SourceLine = 13, got SourceLine = 12
   ref = {'Text': ';', 'SourceFile': '', 'Class': 'Operator', 'StreamLine': 13, 'SourceLine': 13, 'SourceCol': 20}
   got = {'Text': ';', 'SourceFile': '', 'Class': 'Operator', 'StreamLine': 13, 'SourceLine': 12, 'SourceCol': 20}
refIdx=33, gotIdx=33, text='t' : Expected SourceLine = 14, got SourceLine = 13
   ref = {'Text': 't', 'SourceFile': '', 'Class': 'Identifier', 'StreamLine': 14, 'SourceLine': 14, 'SourceCol': 3}
   got = {'Text': 't', 'SourceFile': '', 'Class': 'Identifier', 'StreamLine': 14, 'SourceLine': 13, 'SourceCol': 3}
refIdx=34, gotIdx=34, text='=' : Expected SourceLine = 14, got SourceLine = 13
   ref = {'Text': '=', 'SourceFile': '', 'Class': 'Operator', 'StreamLine': 14, 'SourceLine': 14, 'SourceCol': 4}
   got = {'Text': '=', 'SourceFile': '', 'Class': 'Operator', 'StreamLine': 14, 'SourceLine': 13, 'SourceCol': 4}
refIdx=35, gotIdx=35, text='sizeof' : Expected Class = Operator, got Class = Keyword
   ref = {'Text': 'sizeof', 'SourceFile': '', 'Class': 'Operator', 'StreamLine': 14, 'SourceLine': 14, 'SourceCol': 5}
   got = {'Text': 'sizeof', 'SourceFile': '', 'Class': 'Keyword', 'StreamLine': 14, 'SourceLine': 13, 'SourceCol': 5}
refIdx=35, gotIdx=35, text='sizeof' : Expected SourceLine = 14, got SourceLine = 13
   ref = {'Text': 'sizeof', 'SourceFile': '', 'Class': 'Operator', 'StreamLine': 14, 'SourceLine': 14, 'SourceCol': 5}
   got = {'Text': 'sizeof', 'SourceFile': '', 'Class': 'Keyword', 'StreamLine': 14, 'SourceLine': 13, 'SourceCol': 5}
refIdx=36, gotIdx=36, text='(' : Expected SourceLine = 14, got SourceLine = 13
   ref = {'Text': '(', 'SourceFile': '', 'Class': 'Operator', 'StreamLine': 14, 'SourceLine': 14, 'SourceCol': 11}
   got = {'Text': '(', 'SourceFile': '', 'Class': 'Operator', 'StreamLine': 14, 'SourceLine': 13, 'SourceCol': 11}
refIdx=37, gotIdx=37, text='*' : Expected SourceLine = 14, got SourceLine = 13
   ref = {'Text': '*', 'SourceFile': '', 'Class': 'Operator', 'StreamLine': 14, 'SourceLine': 14, 'SourceCol': 12}
   got = {'Text': '*', 'SourceFile': '', 'Class': 'Operator', 'StreamLine': 14, 'SourceLine': 13, 'SourceCol': 12}
refIdx=38, gotIdx=38, text='px' : Expected SourceLine = 14, got SourceLine = 13
   ref = {'Text': 'px', 'SourceFile': '', 'Class': 'Identifier', 'StreamLine': 14, 'SourceLine': 14, 'SourceCol': 13}
   got = {'Text': 'px', 'SourceFile': '', 'Class': 'Identifier', 'StreamLine': 14, 'SourceLine': 13, 'SourceCol': 13}
refIdx=39, gotIdx=39, text=')' : Expected SourceLine = 14, got SourceLine = 13
   ref = {'Text': ')', 'SourceFile': '', 'Class': 'Operator', 'StreamLine': 14, 'SourceLine': 14, 'SourceCol': 15}
   got = {'Text': ')', 'SourceFile': '', 'Class': 'Operator', 'StreamLine': 14, 'SourceLine': 13, 'SourceCol': 15}
refIdx=40, gotIdx=40, text=';' : Expected SourceLine = 14, got SourceLine = 13
   ref = {'Text': ';', 'SourceFile': '', 'Class': 'Operator', 'StreamLine': 14, 'SourceLine': 14, 'SourceCol': 16}
   got = {'Text': ';', 'SourceFile': '', 'Class': 'Operator', 'StreamLine': 14, 'SourceLine': 13, 'SourceCol': 16}
refIdx=41, gotIdx=41, text='return' : Expected SourceLine = 16, got SourceLine = 15
   ref = {'Text': 'return', 'SourceFile': '', 'Class': 'Keyword', 'StreamLine': 16, 'SourceLine': 16, 'SourceCol': 3}
   got = {'Text': 'return', 'SourceFile': '', 'Class': 'Keyword', 'StreamLine': 16, 'SourceLine': 15, 'SourceCol': 3}
refIdx=42, gotIdx=42, text='t' : Expected SourceLine = 16, got SourceLine = 15
   ref = {'Text': 't', 'SourceFile': '', 'Class': 'Identifier', 'StreamLine': 16, 'SourceLine': 16, 'SourceCol': 10}
   got = {'Text': 't', 'SourceFile': '', 'Class': 'Identifier', 'StreamLine': 16, 'SourceLine': 15, 'SourceCol': 10}
refIdx=43, gotIdx=43, text=';' : Expected SourceLine = 16, got SourceLine = 15
   ref = {'Text': ';', 'SourceFile': '', 'Class': 'Operator', 'StreamLine': 16, 'SourceLine': 16, 'SourceCol': 11}
   got = {'Text': ';', 'SourceFile': '', 'Class': 'Operator', 'StreamLine': 16, 'SourceLine': 15, 'SourceCol': 11}
refIdx=44, gotIdx=44, text='}' : Expected SourceLine = 18, got SourceLine = 17
   ref = {'Text': '}', 'SourceFile': '', 'Class': 'Operator', 'StreamLine': 18, 'SourceLine': 18, 'SourceCol': 1}
   got = {'Text': '}', 'SourceFile': '', 'Class': 'Operator', 'StreamLine': 18, 'SourceLine': 17, 'SourceCol': 1}
