Note: removing empty dict from end of JSON.
Note: removing empty dict from end of JSON.
refIdx=0, gotIdx=0, text='int' : Expected SourceLine = 1, got SourceLine = 0
   ref = {'Text': 'int', 'Class': 'Keyword', 'StreamLine': 1, 'SourceCol': 1, 'SourceFile': '', 'SourceLine': 1}
   got = {'Text': 'int', 'Class': 'Keyword', 'StreamLine': 1, 'SourceCol': 1, 'SourceFile': '', 'SourceLine': 0}
refIdx=1, gotIdx=1, text='main' : Expected SourceLine = 1, got SourceLine = 0
   ref = {'Text': 'main', 'Class': 'Identifier', 'StreamLine': 1, 'SourceCol': 5, 'SourceFile': '', 'SourceLine': 1}
   got = {'Text': 'main', 'Class': 'Identifier', 'StreamLine': 1, 'SourceCol': 5, 'SourceFile': '', 'SourceLine': 0}
refIdx=2, gotIdx=2, text='(' : Expected SourceLine = 1, got SourceLine = 0
   ref = {'Text': '(', 'Class': 'Operator', 'StreamLine': 1, 'SourceCol': 9, 'SourceFile': '', 'SourceLine': 1}
   got = {'Text': '(', 'Class': 'Operator', 'StreamLine': 1, 'SourceCol': 9, 'SourceFile': '', 'SourceLine': 0}
refIdx=3, gotIdx=3, text=')' : Expected SourceLine = 1, got SourceLine = 0
   ref = {'Text': ')', 'Class': 'Operator', 'StreamLine': 1, 'SourceCol': 10, 'SourceFile': '', 'SourceLine': 1}
   got = {'Text': ')', 'Class': 'Operator', 'StreamLine': 1, 'SourceCol': 10, 'SourceFile': '', 'SourceLine': 0}
refIdx=4, gotIdx=4, text='{' : Expected SourceLine = 2, got SourceLine = 1
   ref = {'Text': '{', 'Class': 'Operator', 'StreamLine': 2, 'SourceCol': 1, 'SourceFile': '', 'SourceLine': 2}
   got = {'Text': '{', 'Class': 'Operator', 'StreamLine': 2, 'SourceCol': 1, 'SourceFile': '', 'SourceLine': 1}
refIdx=5, gotIdx=5, text='if' : Expected SourceLine = 3, got SourceLine = 2
   ref = {'Text': 'if', 'Class': 'Keyword', 'StreamLine': 3, 'SourceCol': 3, 'SourceFile': '', 'SourceLine': 3}
   got = {'Text': 'if', 'Class': 'Keyword', 'StreamLine': 3, 'SourceCol': 3, 'SourceFile': '', 'SourceLine': 2}
refIdx=6, gotIdx=6, text='(' : Expected SourceLine = 3, got SourceLine = 2
   ref = {'Text': '(', 'Class': 'Operator', 'StreamLine': 3, 'SourceCol': 5, 'SourceFile': '', 'SourceLine': 3}
   got = {'Text': '(', 'Class': 'Operator', 'StreamLine': 3, 'SourceCol': 5, 'SourceFile': '', 'SourceLine': 2}
refIdx=7, gotIdx=7, text='0' : Expected SourceLine = 3, got SourceLine = 2
   ref = {'Text': '0', 'Class': 'Constant', 'StreamLine': 3, 'SourceCol': 6, 'SourceFile': '', 'SourceLine': 3}
   got = {'Text': '0', 'Class': 'Constant', 'StreamLine': 3, 'SourceCol': 6, 'SourceFile': '', 'SourceLine': 2}
refIdx=8, gotIdx=8, text=')' : Expected SourceLine = 3, got SourceLine = 2
   ref = {'Text': ')', 'Class': 'Operator', 'StreamLine': 3, 'SourceCol': 7, 'SourceFile': '', 'SourceLine': 3}
   got = {'Text': ')', 'Class': 'Operator', 'StreamLine': 3, 'SourceCol': 7, 'SourceFile': '', 'SourceLine': 2}
refIdx=9, gotIdx=9, text='{' : Expected SourceLine = 3, got SourceLine = 2
   ref = {'Text': '{', 'Class': 'Operator', 'StreamLine': 3, 'SourceCol': 8, 'SourceFile': '', 'SourceLine': 3}
   got = {'Text': '{', 'Class': 'Operator', 'StreamLine': 3, 'SourceCol': 8, 'SourceFile': '', 'SourceLine': 2}
refIdx=10, gotIdx=10, text='}' : Expected SourceLine = 3, got SourceLine = 2
   ref = {'Text': '}', 'Class': 'Operator', 'StreamLine': 3, 'SourceCol': 9, 'SourceFile': '', 'SourceLine': 3}
   got = {'Text': '}', 'Class': 'Operator', 'StreamLine': 3, 'SourceCol': 9, 'SourceFile': '', 'SourceLine': 2}
refIdx=11, gotIdx=11, text='}' : Expected SourceLine = 4, got SourceLine = 3
   ref = {'Text': '}', 'Class': 'Operator', 'StreamLine': 4, 'SourceCol': 1, 'SourceFile': '', 'SourceLine': 4}
   got = {'Text': '}', 'Class': 'Operator', 'StreamLine': 4, 'SourceCol': 1, 'SourceFile': '', 'SourceLine': 3}
