Note: removing empty dict from end of JSON.
Note: removing empty dict from end of JSON.
refIdx=0, gotIdx=0, text='int' : Expected SourceLine = 1, got SourceLine = 0
   ref = {'SourceFile': '', 'Class': 'Keyword', 'SourceCol': 1, 'Text': 'int', 'StreamLine': 1, 'SourceLine': 1}
   got = {'SourceFile': '', 'Class': 'Keyword', 'SourceCol': 1, 'Text': 'int', 'StreamLine': 1, 'SourceLine': 0}
refIdx=1, gotIdx=1, text='main' : Expected SourceLine = 1, got SourceLine = 0
   ref = {'SourceFile': '', 'Class': 'Identifier', 'SourceCol': 5, 'Text': 'main', 'StreamLine': 1, 'SourceLine': 1}
   got = {'SourceFile': '', 'Class': 'Identifier', 'SourceCol': 5, 'Text': 'main', 'StreamLine': 1, 'SourceLine': 0}
refIdx=2, gotIdx=2, text='(' : Expected SourceLine = 1, got SourceLine = 0
   ref = {'SourceFile': '', 'Class': 'Operator', 'SourceCol': 9, 'Text': '(', 'StreamLine': 1, 'SourceLine': 1}
   got = {'SourceFile': '', 'Class': 'Operator', 'SourceCol': 9, 'Text': '(', 'StreamLine': 1, 'SourceLine': 0}
refIdx=3, gotIdx=3, text=')' : Expected SourceLine = 1, got SourceLine = 0
   ref = {'SourceFile': '', 'Class': 'Operator', 'SourceCol': 10, 'Text': ')', 'StreamLine': 1, 'SourceLine': 1}
   got = {'SourceFile': '', 'Class': 'Operator', 'SourceCol': 10, 'Text': ')', 'StreamLine': 1, 'SourceLine': 0}
refIdx=4, gotIdx=4, text='{' : Expected SourceLine = 2, got SourceLine = 1
   ref = {'SourceFile': '', 'Class': 'Operator', 'SourceCol': 1, 'Text': '{', 'StreamLine': 2, 'SourceLine': 2}
   got = {'SourceFile': '', 'Class': 'Operator', 'SourceCol': 1, 'Text': '{', 'StreamLine': 2, 'SourceLine': 1}
refIdx=5, gotIdx=5, text='return' : Expected SourceLine = 3, got SourceLine = 2
   ref = {'SourceFile': '', 'Class': 'Keyword', 'SourceCol': 3, 'Text': 'return', 'StreamLine': 3, 'SourceLine': 3}
   got = {'SourceFile': '', 'Class': 'Keyword', 'SourceCol': 3, 'Text': 'return', 'StreamLine': 3, 'SourceLine': 2}
refIdx=6, gotIdx=6, text='0' : Expected SourceLine = 3, got SourceLine = 2
   ref = {'SourceFile': '', 'Class': 'Constant', 'SourceCol': 10, 'Text': '0', 'StreamLine': 3, 'SourceLine': 3}
   got = {'SourceFile': '', 'Class': 'Constant', 'SourceCol': 10, 'Text': '0', 'StreamLine': 3, 'SourceLine': 2}
refIdx=7, gotIdx=7, text=';' : Expected SourceLine = 3, got SourceLine = 2
   ref = {'SourceFile': '', 'Class': 'Operator', 'SourceCol': 11, 'Text': ';', 'StreamLine': 3, 'SourceLine': 3}
   got = {'SourceFile': '', 'Class': 'Operator', 'SourceCol': 11, 'Text': ';', 'StreamLine': 3, 'SourceLine': 2}
refIdx=8, gotIdx=8, text='}' : Expected SourceLine = 4, got SourceLine = 3
   ref = {'SourceFile': '', 'Class': 'Operator', 'SourceCol': 1, 'Text': '}', 'StreamLine': 4, 'SourceLine': 4}
   got = {'SourceFile': '', 'Class': 'Operator', 'SourceCol': 1, 'Text': '}', 'StreamLine': 4, 'SourceLine': 3}
