Note: removing empty dict from end of JSON.
Note: removing empty dict from end of JSON.
refIdx=0, gotIdx=0, text='const' : Expected SourceLine = 1, got SourceLine = 0
   ref = {'Text': 'const', 'SourceCol': 1, 'SourceFile': '', 'StreamLine': 1, 'SourceLine': 1, 'Class': 'Keyword'}
   got = {'Text': 'const', 'SourceCol': 1, 'SourceFile': '', 'StreamLine': 1, 'SourceLine': 0, 'Class': 'Keyword'}
refIdx=1, gotIdx=1, text='char' : Expected SourceLine = 1, got SourceLine = 0
   ref = {'Text': 'char', 'SourceCol': 7, 'SourceFile': '', 'StreamLine': 1, 'SourceLine': 1, 'Class': 'Keyword'}
   got = {'Text': 'char', 'SourceCol': 7, 'SourceFile': '', 'StreamLine': 1, 'SourceLine': 0, 'Class': 'Keyword'}
refIdx=2, gotIdx=2, text='*' : Expected SourceLine = 1, got SourceLine = 0
   ref = {'Text': '*', 'SourceCol': 12, 'SourceFile': '', 'StreamLine': 1, 'SourceLine': 1, 'Class': 'Operator'}
   got = {'Text': '*', 'SourceCol': 12, 'SourceFile': '', 'StreamLine': 1, 'SourceLine': 0, 'Class': 'Operator'}
refIdx=3, gotIdx=3, text='x' : Expected SourceLine = 1, got SourceLine = 0
   ref = {'Text': 'x', 'SourceCol': 13, 'SourceFile': '', 'StreamLine': 1, 'SourceLine': 1, 'Class': 'Identifier'}
   got = {'Text': 'x', 'SourceCol': 13, 'SourceFile': '', 'StreamLine': 1, 'SourceLine': 0, 'Class': 'Identifier'}
refIdx=4, gotIdx=4, text='=' : Expected SourceLine = 1, got SourceLine = 0
   ref = {'Text': '=', 'SourceCol': 14, 'SourceFile': '', 'StreamLine': 1, 'SourceLine': 1, 'Class': 'Operator'}
   got = {'Text': '=', 'SourceCol': 14, 'SourceFile': '', 'StreamLine': 1, 'SourceLine': 0, 'Class': 'Operator'}
refIdx=5, gotIdx=5, text='X Y' : Expected SourceLine = 1, got SourceLine = 0
   ref = {'Text': 'X Y', 'SourceCol': 15, 'SourceFile': '', 'StreamLine': 1, 'SourceLine': 1, 'Class': 'StringLiteral'}
   got = {'Text': 'X Y', 'SourceCol': 15, 'SourceFile': '', 'StreamLine': 1, 'SourceLine': 0, 'Class': 'StringLiteral'}
refIdx=6, gotIdx=6, text=';' : Expected SourceLine = 1, got SourceLine = 0
   ref = {'Text': ';', 'SourceCol': 20, 'SourceFile': '', 'StreamLine': 1, 'SourceLine': 1, 'Class': 'Operator'}
   got = {'Text': ';', 'SourceCol': 20, 'SourceFile': '', 'StreamLine': 1, 'SourceLine': 0, 'Class': 'Operator'}
