Note: removing empty dict from end of JSON.
Note: removing empty dict from end of JSON.
refIdx=0, gotIdx=0, text='const' : Expected SourceLine = 1, got SourceLine = 0
   ref = {'SourceCol': 1, 'SourceLine': 1, 'Class': 'Keyword', 'StreamLine': 1, 'Text': 'const', 'SourceFile': ''}
   got = {'SourceCol': 1, 'SourceLine': 0, 'Class': 'Keyword', 'StreamLine': 1, 'Text': 'const', 'SourceFile': ''}
refIdx=1, gotIdx=1, text='char' : Expected SourceLine = 1, got SourceLine = 0
   ref = {'SourceCol': 7, 'SourceLine': 1, 'Class': 'Keyword', 'StreamLine': 1, 'Text': 'char', 'SourceFile': ''}
   got = {'SourceCol': 7, 'SourceLine': 0, 'Class': 'Keyword', 'StreamLine': 1, 'Text': 'char', 'SourceFile': ''}
refIdx=2, gotIdx=2, text='*' : Expected SourceLine = 1, got SourceLine = 0
   ref = {'SourceCol': 12, 'SourceLine': 1, 'Class': 'Operator', 'StreamLine': 1, 'Text': '*', 'SourceFile': ''}
   got = {'SourceCol': 12, 'SourceLine': 0, 'Class': 'Operator', 'StreamLine': 1, 'Text': '*', 'SourceFile': ''}
refIdx=3, gotIdx=3, text='x' : Expected SourceLine = 1, got SourceLine = 0
   ref = {'SourceCol': 13, 'SourceLine': 1, 'Class': 'Identifier', 'StreamLine': 1, 'Text': 'x', 'SourceFile': ''}
   got = {'SourceCol': 13, 'SourceLine': 0, 'Class': 'Identifier', 'StreamLine': 1, 'Text': 'x', 'SourceFile': ''}
refIdx=4, gotIdx=4, text='=' : Expected SourceLine = 1, got SourceLine = 0
   ref = {'SourceCol': 14, 'SourceLine': 1, 'Class': 'Operator', 'StreamLine': 1, 'Text': '=', 'SourceFile': ''}
   got = {'SourceCol': 14, 'SourceLine': 0, 'Class': 'Operator', 'StreamLine': 1, 'Text': '=', 'SourceFile': ''}
refIdx=5, gotIdx=5, text='X Y' : Expected SourceLine = 1, got SourceLine = 0
   ref = {'SourceCol': 15, 'SourceLine': 1, 'Class': 'StringLiteral', 'StreamLine': 1, 'Text': 'X Y', 'SourceFile': ''}
   got = {'SourceCol': 15, 'SourceLine': 0, 'Class': 'StringLiteral', 'StreamLine': 1, 'Text': 'X Y', 'SourceFile': ''}
refIdx=6, gotIdx=6, text='wibble' : Expected SourceLine = 1, got SourceLine = 0
   ref = {'SourceCol': 21, 'SourceLine': 1, 'Class': 'StringLiteral', 'StreamLine': 1, 'Text': 'wibble', 'SourceFile': ''}
   got = {'SourceCol': 21, 'SourceLine': 0, 'Class': 'StringLiteral', 'StreamLine': 1, 'Text': 'wibble', 'SourceFile': ''}
refIdx=7, gotIdx=7, text=';' : Expected SourceLine = 1, got SourceLine = 0
   ref = {'SourceCol': 29, 'SourceLine': 1, 'Class': 'Operator', 'StreamLine': 1, 'Text': ';', 'SourceFile': ''}
   got = {'SourceCol': 29, 'SourceLine': 0, 'Class': 'Operator', 'StreamLine': 1, 'Text': ';', 'SourceFile': ''}
