Note: removing empty dict from end of JSON.
Note: removing empty dict from end of JSON.
refIdx=0, gotIdx=0, text='struct' : Expected SourceLine = 1, got SourceLine = 0
   ref = {'SourceFile': '', 'SourceLine': 1, 'SourceCol': 1, 'StreamLine': 1, 'Text': 'struct', 'Class': 'Keyword'}
   got = {'SourceFile': '', 'SourceLine': 0, 'SourceCol': 1, 'StreamLine': 1, 'Text': 'struct', 'Class': 'Keyword'}
refIdx=1, gotIdx=1, text='x' : Expected SourceLine = 1, got SourceLine = 0
   ref = {'SourceFile': '', 'SourceLine': 1, 'SourceCol': 8, 'StreamLine': 1, 'Text': 'x', 'Class': 'Identifier'}
   got = {'SourceFile': '', 'SourceLine': 0, 'SourceCol': 8, 'StreamLine': 1, 'Text': 'x', 'Class': 'Identifier'}
refIdx=2, gotIdx=2, text='{' : Expected SourceLine = 1, got SourceLine = 0
   ref = {'SourceFile': '', 'SourceLine': 1, 'SourceCol': 10, 'StreamLine': 1, 'Text': '{', 'Class': 'Operator'}
   got = {'SourceFile': '', 'SourceLine': 0, 'SourceCol': 10, 'StreamLine': 1, 'Text': '{', 'Class': 'Operator'}
refIdx=3, gotIdx=3, text='int' : Expected SourceLine = 1, got SourceLine = 0
   ref = {'SourceFile': '', 'SourceLine': 1, 'SourceCol': 12, 'StreamLine': 1, 'Text': 'int', 'Class': 'Keyword'}
   got = {'SourceFile': '', 'SourceLine': 0, 'SourceCol': 12, 'StreamLine': 1, 'Text': 'int', 'Class': 'Keyword'}
refIdx=4, gotIdx=4, text='x' : Expected SourceLine = 1, got SourceLine = 0
   ref = {'SourceFile': '', 'SourceLine': 1, 'SourceCol': 16, 'StreamLine': 1, 'Text': 'x', 'Class': 'Identifier'}
   got = {'SourceFile': '', 'SourceLine': 0, 'SourceCol': 16, 'StreamLine': 1, 'Text': 'x', 'Class': 'Identifier'}
refIdx=5, gotIdx=5, text=':' : Expected SourceLine = 2, got SourceLine = 1
   ref = {'SourceFile': '', 'SourceLine': 2, 'SourceCol': 5, 'StreamLine': 2, 'Text': ':', 'Class': 'Operator'}
   got = {'SourceFile': '', 'SourceLine': 1, 'SourceCol': 5, 'StreamLine': 2, 'Text': ':', 'Class': 'Operator'}
refIdx=6, gotIdx=6, text='10' : Expected SourceLine = 2, got SourceLine = 1
   ref = {'SourceFile': '', 'SourceLine': 2, 'SourceCol': 7, 'StreamLine': 2, 'Text': '10', 'Class': 'Constant'}
   got = {'SourceFile': '', 'SourceLine': 1, 'SourceCol': 7, 'StreamLine': 2, 'Text': '10', 'Class': 'Constant'}
refIdx=7, gotIdx=7, text=';' : Expected SourceLine = 2, got SourceLine = 1
   ref = {'SourceFile': '', 'SourceLine': 2, 'SourceCol': 9, 'StreamLine': 2, 'Text': ';', 'Class': 'Operator'}
   got = {'SourceFile': '', 'SourceLine': 1, 'SourceCol': 9, 'StreamLine': 2, 'Text': ';', 'Class': 'Operator'}
refIdx=8, gotIdx=8, text='}' : Expected SourceLine = 2, got SourceLine = 1
   ref = {'SourceFile': '', 'SourceLine': 2, 'SourceCol': 11, 'StreamLine': 2, 'Text': '}', 'Class': 'Operator'}
   got = {'SourceFile': '', 'SourceLine': 1, 'SourceCol': 11, 'StreamLine': 2, 'Text': '}', 'Class': 'Operator'}
refIdx=9, gotIdx=9, text=';' : Expected SourceLine = 2, got SourceLine = 1
   ref = {'SourceFile': '', 'SourceLine': 2, 'SourceCol': 12, 'StreamLine': 2, 'Text': ';', 'Class': 'Operator'}
   got = {'SourceFile': '', 'SourceLine': 1, 'SourceCol': 12, 'StreamLine': 2, 'Text': ';', 'Class': 'Operator'}
