[    0.000000] Initializing cgroup subsys cpuset
[    0.000000] Initializing cgroup subsys cpu
[    0.000000] Initializing cgroup subsys cpuacct
[    0.000000] Linux version 4.4.0-59-generic (buildd@lgw01-11) (gcc version 5.4.0 20160609 (Ubuntu 5.4.0-6ubuntu1~16.04.4) ) #80-Ubuntu SMP Fri Jan 6 17:47:47 UTC 2017 (Ubuntu 4.4.0-59.80-generic 4.4.35)
[    0.000000] Command line: BOOT_IMAGE=/boot/vmlinuz-4.4.0-59-generic root=LABEL=cloudimg-rootfs ro console=tty1 console=ttyS0
[    0.000000] KERNEL supported cpus:
[    0.000000]   Intel GenuineIntel
[    0.000000]   AMD AuthenticAMD
[    0.000000]   Centaur CentaurHauls
[    0.000000] x86/fpu: xstate_offset[2]:  576, xstate_sizes[2]:  256
[    0.000000] x86/fpu: Supporting XSAVE feature 0x01: 'x87 floating point registers'
[    0.000000] x86/fpu: Supporting XSAVE feature 0x02: 'SSE registers'
[    0.000000] x86/fpu: Supporting XSAVE feature 0x04: 'AVX registers'
[    0.000000] x86/fpu: Enabled xstate features 0x7, context size is 832 bytes, using 'standard' format.
[    0.000000] x86/fpu: Using 'lazy' FPU context switches.
[    0.000000] e820: BIOS-provided physical RAM map:
[    0.000000] BIOS-e820: [mem 0x0000000000000000-0x000000000009fbff] usable
[    0.000000] BIOS-e820: [mem 0x000000000009fc00-0x000000000009ffff] reserved
[    0.000000] BIOS-e820: [mem 0x00000000000f0000-0x00000000000fffff] reserved
[    0.000000] BIOS-e820: [mem 0x0000000000100000-0x000000003ffeffff] usable
[    0.000000] BIOS-e820: [mem 0x000000003fff0000-0x000000003fffffff] ACPI data
[    0.000000] BIOS-e820: [mem 0x00000000fec00000-0x00000000fec00fff] reserved
[    0.000000] BIOS-e820: [mem 0x00000000fee00000-0x00000000fee00fff] reserved
[    0.000000] BIOS-e820: [mem 0x00000000fffc0000-0x00000000ffffffff] reserved
[    0.000000] NX (Execute Disable) protection: active
[    0.000000] SMBIOS 2.5 present.
[    0.000000] Hypervisor detected: KVM
[    0.000000] e820: last_pfn = 0x3fff0 max_arch_pfn = 0x400000000
[    0.000000] MTRR: Disabled
[    0.000000] x86/PAT: MTRRs disabled, skipping PAT initialization too.
[    0.000000] x86/PAT: Configuration [0-7]: WB  WT  UC- UC  WB  WT  UC- UC  
[    0.000000] CPU MTRRs all blank - virtualized system.
[    0.000000] found SMP MP-table at [mem 0x0009fff0-0x0009ffff] mapped at [ffff88000009fff0]
[    0.000000] Scanning 1 areas for low memory corruption
[    0.000000] RAMDISK: [mem 0x36b84000-0x375b9fff]
[    0.000000] ACPI: Early table checksum verification disabled
[    0.000000] ACPI: RSDP 0x00000000000E0000 000024 (v02 VBOX  )
[    0.000000] ACPI: XSDT 0x000000003FFF0030 00003C (v01 VBOX   VBOXXSDT 00000001 ASL  00000061)
[    0.000000] ACPI: FACP 0x000000003FFF00F0 0000F4 (v04 VBOX   VBOXFACP 00000001 ASL  00000061)
[    0.000000] ACPI: DSDT 0x000000003FFF0470 00210F (v01 VBOX   VBOXBIOS 00000002 INTL 20100528)
[    0.000000] ACPI: FACS 0x000000003FFF0200 000040
[    0.000000] ACPI: FACS 0x000000003FFF0200 000040
[    0.000000] ACPI: APIC 0x000000003FFF0240 00005C (v02 VBOX   VBOXAPIC 00000001 ASL  00000061)
[    0.000000] ACPI: SSDT 0x000000003FFF02A0 0001CC (v01 VBOX   VBOXCPUT 00000002 INTL 20100528)
[    0.000000] No NUMA configuration found
[    0.000000] Faking a node at [mem 0x0000000000000000-0x000000003ffeffff]
[    0.000000] NODE_DATA(0) allocated [mem 0x3ffeb000-0x3ffeffff]
[    0.000000] kvm-clock: Using msrs 4b564d01 and 4b564d00
[    0.000000] kvm-clock: cpu 0, msr 0:3ffe3001, primary cpu clock
[    0.000000] kvm-clock: using sched offset of 2918163035 cycles
[    0.000000] clocksource: kvm-clock: mask: 0xffffffffffffffff max_cycles: 0x1cd42e4dffb, max_idle_ns: 881590591483 ns
[    0.000000] Zone ranges:
[    0.000000]   DMA      [mem 0x0000000000001000-0x0000000000ffffff]
[    0.000000]   DMA32    [mem 0x0000000001000000-0x000000003ffeffff]
[    0.000000]   Normal   empty
[    0.000000]   Device   empty
[    0.000000] Movable zone start for each node
[    0.000000] Early memory node ranges
[    0.000000]   node   0: [mem 0x0000000000001000-0x000000000009efff]
[    0.000000]   node   0: [mem 0x0000000000100000-0x000000003ffeffff]
[    0.000000] Initmem setup node 0 [mem 0x0000000000001000-0x000000003ffeffff]
[    0.000000] ACPI: PM-Timer IO Port: 0x4008
[    0.000000] IOAPIC[0]: apic_id 2, version 32, address 0xfec00000, GSI 0-23
[    0.000000] ACPI: INT_SRC_OVR (bus 0 bus_irq 0 global_irq 2 dfl dfl)
[    0.000000] ACPI: INT_SRC_OVR (bus 0 bus_irq 9 global_irq 9 high level)
[    0.000000] Using ACPI (MADT) for SMP configuration information
[    0.000000] smpboot: Allowing 2 CPUs, 0 hotplug CPUs
[    0.000000] PM: Registered nosave memory: [mem 0x00000000-0x00000fff]
[    0.000000] PM: Registered nosave memory: [mem 0x0009f000-0x0009ffff]
[    0.000000] PM: Registered nosave memory: [mem 0x000a0000-0x000effff]
[    0.000000] PM: Registered nosave memory: [mem 0x000f0000-0x000fffff]
[    0.000000] e820: [mem 0x40000000-0xfebfffff] available for PCI devices
[    0.000000] Booting paravirtualized kernel on KVM
[    0.000000] clocksource: refined-jiffies: mask: 0xffffffff max_cycles: 0xffffffff, max_idle_ns: 7645519600211568 ns
[    0.000000] setup_percpu: NR_CPUS:512 nr_cpumask_bits:512 nr_cpu_ids:2 nr_node_ids:1
[    0.000000] PERCPU: Embedded 33 pages/cpu @ffff88003fc00000 s98264 r8192 d28712 u1048576
[    0.000000] PV qspinlock hash table entries: 256 (order: 0, 4096 bytes)
[    0.000000] Built 1 zonelists in Node order, mobility grouping on.  Total pages: 257913
[    0.000000] Policy zone: DMA32
[    0.000000] Kernel command line: BOOT_IMAGE=/boot/vmlinuz-4.4.0-59-generic root=LABEL=cloudimg-rootfs ro console=tty1 console=ttyS0
[    0.000000] PID hash table entries: 4096 (order: 3, 32768 bytes)
[    0.000000] Memory: 1002124K/1048120K available (8436K kernel code, 1291K rwdata, 3960K rodata, 1488K init, 1316K bss, 45996K reserved, 0K cma-reserved)
[    0.000000] SLUB: HWalign=64, Order=0-3, MinObjects=0, CPUs=2, Nodes=1
[    0.000000] Hierarchical RCU implementation.
[    0.000000] 	Build-time adjustment of leaf fanout to 64.
[    0.000000] 	RCU restricting CPUs from NR_CPUS=512 to nr_cpu_ids=2.
[    0.000000] RCU: Adjusting geometry for rcu_fanout_leaf=64, nr_cpu_ids=2
[    0.000000] NR_IRQS:33024 nr_irqs:440 16
[    0.000000] Console: colour VGA+ 80x25
[    0.000000] console [tty1] enabled
[    0.000000] console [ttyS0] enabled
[    0.000000] tsc: Detected 2903.998 MHz processor
[   16.380384] Calibrating delay loop (skipped) preset value.. 5807.99 BogoMIPS (lpj=11615992)
[   16.559703] pid_max: default: 32768 minimum: 301
[   16.704629] ACPI: Core revision 20150930
[   16.811640] ACPI: 2 ACPI AML tables successfully acquired and loaded
[   16.971917] Security Framework initialized
[   17.082006] Yama: becoming mindful.
[   17.172122] AppArmor: AppArmor initialized
[   17.288169] Dentry cache hash table entries: 131072 (order: 8, 1048576 bytes)
[   17.491328] Inode-cache hash table entries: 65536 (order: 7, 524288 bytes)
[   17.633102] Mount-cache hash table entries: 2048 (order: 2, 16384 bytes)
[   17.798574] Mountpoint-cache hash table entries: 2048 (order: 2, 16384 bytes)
[   18.005282] Initializing cgroup subsys io
[   18.097579] Initializing cgroup subsys memory
[   18.225388] Initializing cgroup subsys devices
[   18.348555] Initializing cgroup subsys freezer
[   18.467839] Initializing cgroup subsys net_cls
[   18.597811] Initializing cgroup subsys perf_event
[   18.687865] Initializing cgroup subsys net_prio
[   18.772823] Initializing cgroup subsys hugetlb
[   18.902835] Initializing cgroup subsys pids
[   19.011230] CPU: Physical Processor ID: 0
[   19.134767] CPU: Processor Core ID: 0
[   19.236663] mce: CPU supports 0 MCE banks
[   19.341671] Last level iTLB entries: 4KB 64, 2MB 8, 4MB 8
[   19.485294] Last level dTLB entries: 4KB 64, 2MB 0, 4MB 0, 1GB 4
[   19.651637] Freeing SMP alternatives memory: 32K (ffffffff820b8000 - ffffffff820c0000)
[   19.826593] ftrace: allocating 32064 entries in 126 pages
[   20.003912] smpboot: APIC(0) Converting physical 0 to logical package 0
[   20.170570] smpboot: Max logical packages: 1
[   20.295748] x2apic enabled
[   20.374804] Switched APIC routing to physical x2apic.
[   20.521559] ..TIMER: vector=0x30 apic1=0 pin1=2 apic2=-1 pin2=-1
[   20.799916] smpboot: CPU0: Intel(R) Core(TM) i7-6920HQ CPU @ 2.90GHz (family: 0x6, model: 0x5e, stepping: 0x3)
[   20.980586] Performance Events: unsupported p6 CPU model 94 no PMU driver, software events only.
[   21.243331] KVM setup paravirtual spinlock
[   21.373811] x86: Booting SMP configuration:
[   21.502437] .... node  #0, CPUs:      #1
[   21.614550] kvm-clock: cpu 1, msr 0:3ffe0041, secondary cpu clock
[   21.881949] mce: CPU supports 0 MCE banks
[   21.908188] x86: Booted up 1 node, 2 CPUs
[   21.966411] smpboot: Total of 2 processors activated (11615.99 BogoMIPS)
[   22.166513] devtmpfs: initialized
[   22.270924] evm: security.selinux
[   22.360140] evm: security.SMACK64
[   22.457386] evm: security.SMACK64EXEC
[   22.569161] evm: security.SMACK64TRANSMUTE
[   22.696258] evm: security.SMACK64MMAP
[   22.801853] evm: security.ima
[   22.891416] evm: security.capability
[   22.978737] clocksource: jiffies: mask: 0xffffffff max_cycles: 0xffffffff, max_idle_ns: 7645041785100000 ns
[   23.143424] pinctrl core: initialized pinctrl subsystem
[   23.274788] RTC time: 14:02:36, date: 02/03/17
[   23.399806] NET: Registered protocol family 16
[   23.542242] cpuidle: using governor ladder
[   23.673707] cpuidle: using governor menu
[   23.778404] PCCT header not found.
[   23.877751] ACPI: bus type PCI registered
[   23.992349] acpiphp: ACPI Hot Plug PCI Controller Driver version: 0.5
[   24.088583] PCI: Using configuration type 1 for base access
[   24.203773] ACPI: Added _OSI(Module Device)
[   24.301935] ACPI: Added _OSI(Processor Device)
[   24.421327] ACPI: Added _OSI(3.0 _SCP Extensions)
[   24.529512] ACPI: Added _OSI(Processor Aggregator Device)
[   24.672894] ACPI: Executed 1 blocks of module-level executable AML code
[   24.866086] ACPI: Interpreter enabled
[   24.957262] ACPI: (supports S0 S5)
[   25.041813] ACPI: Using IOAPIC for interrupt routing
[   25.161086] PCI: Using host bridge windows from ACPI; if necessary, use "pci=nocrs" and report a bug
[   25.353019] ACPI: PCI Root Bridge [PCI0] (domain 0000 [bus 00-ff])
[   25.532128] acpi PNP0A03:00: _OSC: OS supports [ASPM ClockPM Segments MSI]
[   25.733357] acpi PNP0A03:00: _OSC failed (AE_NOT_FOUND); disabling ASPM
[   25.928968] acpi PNP0A03:00: fail to add MMCONFIG information, can't access extended PCI configuration space under this bridge.
[   26.235829] PCI host bridge to bus 0000:00
[   26.268786] pci_bus 0000:00: root bus resource [io  0x0000-0x0cf7 window]
[   26.431706] pci_bus 0000:00: root bus resource [io  0x0d00-0xffff window]
[   26.530667] pci_bus 0000:00: root bus resource [mem 0x000a0000-0x000bffff window]
[   26.738083] pci_bus 0000:00: root bus resource [mem 0x40000000-0xffdfffff window]
[   26.927009] pci_bus 0000:00: root bus resource [bus 00-ff]
[   27.076372] pci 0000:00:01.1: legacy IDE quirk: reg 0x10: [io  0x01f0-0x01f7]
[   27.286574] pci 0000:00:01.1: legacy IDE quirk: reg 0x14: [io  0x03f6]
[   27.359964] pci 0000:00:01.1: legacy IDE quirk: reg 0x18: [io  0x0170-0x0177]
[   27.538411] pci 0000:00:01.1: legacy IDE quirk: reg 0x1c: [io  0x0376]
[   27.715429] pci 0000:00:07.0: quirk: [io  0x4000-0x403f] claimed by PIIX4 ACPI
[   27.796084] pci 0000:00:07.0: quirk: [io  0x4100-0x410f] claimed by PIIX4 SMB
[   27.870611] ACPI: PCI Interrupt Link [LNKA] (IRQs 5 9 10 *11)
[   27.996110] ACPI: PCI Interrupt Link [LNKB] (IRQs 5 9 10 *11)
[   28.010956] ACPI: PCI Interrupt Link [LNKC] (IRQs 5 9 *10 11)
[   28.157883] ACPI: PCI Interrupt Link [LNKD] (IRQs 5 *9 10 11)
[   28.309221] ACPI: Enabled 2 GPEs in block 00 to 07
[   28.404459] vgaarb: setting as boot device: PCI:0000:00:02.0
[   28.533393] vgaarb: device added: PCI:0000:00:02.0,decodes=io+mem,owns=io+mem,locks=none
[   28.743740] vgaarb: loaded
[   28.809380] vgaarb: bridge control possible 0000:00:02.0
[   28.948345] SCSI subsystem initialized
[   29.048033] ACPI: bus type USB registered
[   29.162340] usbcore: registered new interface driver usbfs
[   29.329514] usbcore: registered new interface driver hub
[   29.466553] usbcore: registered new device driver usb
[   29.502836] PCI: Using ACPI for IRQ routing
[   29.607364] NetLabel: Initializing
[   29.702984] NetLabel:  domain hash size = 128
[   29.819799] NetLabel:  protocols = UNLABELED CIPSOv4
[   29.955522] NetLabel:  unlabeled traffic allowed by default
[   30.104742] amd_nb: Cannot enumerate AMD northbridges
[   30.239835] clocksource: Switched to clocksource kvm-clock
[   30.409148] AppArmor: AppArmor Filesystem Enabled
[   30.544694] pnp: PnP ACPI init
[   30.635444] pnp: PnP ACPI: found 3 devices
[   30.769698] clocksource: acpi_pm: mask: 0xffffff max_cycles: 0xffffff, max_idle_ns: 2085701024 ns
[   31.034620] NET: Registered protocol family 2
[   31.163142] TCP established hash table entries: 8192 (order: 4, 65536 bytes)
[   31.376465] TCP bind hash table entries: 8192 (order: 5, 131072 bytes)
[   31.564106] TCP: Hash tables configured (established 8192 bind 8192)
[   31.743103] UDP hash table entries: 512 (order: 2, 16384 bytes)
[   31.921151] UDP-Lite hash table entries: 512 (order: 2, 16384 bytes)
[   32.122255] NET: Registered protocol family 1
[   32.258766] pci 0000:00:00.0: Limiting direct PCI/PCI transfers
[   32.438654] pci 0000:00:01.0: Activating ISA DMA hang workarounds
[   32.629534] Trying to unpack rootfs image as initramfs...
[   34.167764] Freeing initrd memory: 10456K (ffff880036b84000 - ffff8800375ba000)
[   34.360667] platform rtc_cmos: registered platform RTC device (no PNP device found)
[   34.588529] Scanning for low memory corruption every 60 seconds
[   34.777841] futex hash table entries: 512 (order: 3, 32768 bytes)
[   34.881483] audit: initializing netlink subsys (disabled)
[   35.026510] audit: type=2000 audit(1486130543.091:1): initialized
[   35.208714] Initialise system trusted keyring
[   35.344529] HugeTLB registered 2 MB page size, pre-allocated 0 pages
[   35.541346] tsc: Refined TSC clocksource calibration: 2904.630 MHz
[   35.726391] clocksource: tsc: mask: 0xffffffffffffffff max_cycles: 0x29de5913894, max_idle_ns: 440795318000 ns
ÿ[   35.727544] zbud: loaded
[   35.727679] VFS: Disk quotas dquot_6.6.0
[   35.727702] VFS: Dquot-cache hash table entries: 512 (order 0, 4096 bytes)
[   35.727899] squashfs: version 4.0 (2009/01/31) Phillip Lougher
[   35.728061] fuse init (API version 7.23)
[   35.728157] Key type big_key registered
[   35.728174] Allocating IMA MOK and blacklist keyrings.
[   35.728320] Key type asymmetric registered
[   35.728325] Asymmetric key parser 'x509' registered
[   35.728350] Block layer SCSI generic (bsg) driver version 0.4 loaded (major 249)
[   35.728370] io scheduler noop registered
[   35.728372] io scheduler deadline registered (default)
[   35.728395] io scheduler cfq registered
[   35.728463] pci_hotplug: PCI Hot Plug PCI Core version: 0.5
[   35.728466] pciehp: PCI Express Hot Plug Controller Driver version: 0.4
[   35.728704] ACPI: AC Adapter [AC] (off-line)
[   35.728747] input: Power Button as /devices/LNXSYSTM:00/LNXPWRBN:00/input/input0
[   35.728750] ACPI: Power Button [PWRF]
[   35.728803] input: Sleep Button as /devices/LNXSYSTM:00/LNXSLPBN:00/input/input1
[   35.728804] ACPI: Sleep Button [SLPF]
[   35.728904] GHES: HEST is not enabled!
[   35.729605] ACPI: Battery Slot [BAT0] (battery present)
[   35.729638] Serial: 8250/16550 driver, 32 ports, IRQ sharing enabled
[   36.028837] 00:02: ttyS0 at I/O 0x3f8 (irq = 4, base_baud = 115200) is a 16550A
[   36.103230] Linux agpgart interface v0.103
[   36.278048] brd: module loaded
[   36.278640] loop: module loaded
[   36.279027] scsi host0: ata_piix
[   36.279067] scsi host1: ata_piix
[   36.279090] ata1: PATA max UDMA/33 cmd 0x1f0 ctl 0x3f6 bmdma 0xd000 irq 14
[   36.279091] ata2: PATA max UDMA/33 cmd 0x170 ctl 0x376 bmdma 0xd008 irq 15
[   36.279141] libphy: Fixed MDIO Bus: probed
[   36.279144] tun: Universal TUN/TAP device driver, 1.6
[   36.279144] tun: (C) 1999-2004 Max Krasnyansky <maxk@qualcomm.com>
[   36.279378] PPP generic driver version 2.4.2
[   36.279421] ehci_hcd: USB 2.0 'Enhanced' Host Controller (EHCI) Driver
[   36.279424] ehci-pci: EHCI PCI platform driver
[   36.279436] ehci-platform: EHCI generic platform driver
[   36.279442] ohci_hcd: USB 1.1 'Open' Host Controller (OHCI) Driver
[   36.279445] ohci-pci: OHCI PCI platform driver
[   36.279452] ohci-platform: OHCI generic platform driver
[   36.279457] uhci_hcd: USB Universal Host Controller Interface driver
[   36.279499] i8042: PNP: PS/2 Controller [PNP0303:PS2K,PNP0f03:PS2M] at 0x60,0x64 irq 1,12
[   36.480592] serio: i8042 KBD port at 0x60,0x64 irq 1
[   36.480595] serio: i8042 AUX port at 0x60,0x64 irq 12
[   36.480682] mousedev: PS/2 mouse device common for all mice
[   36.480907] rtc_cmos rtc_cmos: rtc core: registered rtc_cmos as rtc0
[   36.480949] rtc_cmos rtc_cmos: alarms up to one day, 114 bytes nvram
[   36.480953] i2c /dev entries driver
[   36.480994] device-mapper: uevent: version 1.0.3
[   36.481031] device-mapper: ioctl: 4.34.0-ioctl (2015-10-28) initialised: dm-devel@redhat.com
[   36.481042] ledtrig-cpu: registered to indicate activity on CPUs
[   36.481235] NET: Registered protocol family 10
[   36.481350] NET: Registered protocol family 17
[   36.481357] Key type dns_resolver registered
[   36.785824] microcode: CPU0 sig=0x506e3, pf=0x2, revision=0x0
[   36.785906] microcode: CPU1 sig=0x506e3, pf=0x2, revision=0x0
[   36.785934] microcode: Microcode Update Driver: v2.01 <tigran@aivazian.fsnet.co.uk>, Peter Oruba
[   36.786025] registered taskstats version 1
[   36.786038] Loading compiled-in X.509 certificates
[   36.786524] Loaded X.509 cert 'Build time autogenerated kernel key: 6ffa6bfaa152a74cd2b6aa1e188cb999d8f5632b'
[   36.786537] zswap: loaded using pool lzo/zbud
[   36.787590] Key type trusted registered
[   36.789190] Key type encrypted registered
[   36.789193] AppArmor: AppArmor sha1 policy hashing enabled
[   36.789196] ima: No TPM chip found, activating TPM-bypass!
[   36.789210] evm: HMAC attrs: 0x1
[   36.789424]   Magic number: 5:644:29
[   36.994438] rtc_cmos rtc_cmos: setting system clock to 2017-02-03 14:02:49 UTC (1486130569)
[   36.994559] BIOS EDD facility v0.16 2004-Jun-25, 0 devices found
[   36.994559] EDD information not available.
[   37.602743] input: AT Translated Set 2 keyboard as /devices/platform/i8042/serio0/input/input2
[   45.642299] Freeing unused kernel memory: 1488K (ffffffff81f44000 - ffffffff820b8000)
[   45.936508] Write protecting the kernel read-only data: 14336k
[   46.264055] Freeing unused kernel memory: 1792K (ffff880001840000 - ffff880001a00000)
[   46.657163] Freeing unused kernel memory: 136K (ffff880001dde000 - ffff880001e00000)
Loading, please [   46.732536] random: systemd-udevd: uninitialized urandom read (16 bytes read, 11 bits of entropy available)
wait...
startin[   46.733048] random: udevadm: uninitialized urandom read (16 bytes read, 11 bits of entropy available)
g version 229
[   46.733075] random: udevadm: uninitialized urandom read (16 bytes read, 11 bits of entropy available)
[   46.733159] random: udevadm: uninitialized urandom read (16 bytes read, 11 bits of entropy available)
[   46.733189] random: udevadm: uninitialized urandom read (16 bytes read, 11 bits of entropy available)
[   46.733221] random: udevadm: uninitialized urandom read (16 bytes read, 11 bits of entropy available)
[   46.733250] random: udevadm: uninitialized urandom read (16 bytes read, 11 bits of entropy available)
[   46.733286] random: udevadm: uninitialized urandom read (16 bytes read, 11 bits of entropy available)
[   46.733314] random: udevadm: uninitialized urandom read (16 bytes read, 11 bits of entropy available)
[   46.733343] random: udevadm: uninitialized urandom read (16 bytes read, 11 bits of entropy available)
[   49.292948] e1000: Intel(R) PRO/1000 Network Driver - version 7.3.21-k8-NAPI
[   49.596403] e1000: Copyright (c) 1999-2006 Intel Corporation.
[   49.855411] Fusion MPT base driver 3.04.20
[   49.930227] Copyright (c) 1999-2008 LSI Corporation
[   49.948383] Fusion MPT SPI Host driver 3.04.20
[   49.958026] mptbase: ioc0: Initiating bringup
[   49.989083] AVX version of gcm_enc/dec engaged.
[   50.204021] AES CTR mode by8 optimization enabled
[   50.420813] ioc0: LSI53C1030 A0: Capabilities={Initiator}
[   50.741183] input: ImExPS/2 Generic Explorer Mouse as /devices/platform/i8042/serio1/input/input4
[   51.188200] scsi host2: ioc0: LSI53C1030 A0, FwRev=00000000h, Ports=1, MaxQ=256, IRQ=20
[   51.566126] scsi 2:0:0:0: Direct-Access     VBOX     HARDDISK         1.0  PQ: 0 ANSI: 5
[   52.000323] scsi target2:0:0: Beginning Domain Validation
[   52.100853] scsi target2:0:0: Domain Validation skipping write tests
[   52.124438] scsi target2:0:0: Ending Domain Validation
[   52.125313] scsi target2:0:0: asynchronous
[   52.130014] scsi 2:0:1:0: Direct-Access     VBOX     HARDDISK         1.0  PQ: 0 ANSI: 5
[   52.319893] scsi target2:0:1: Beginning Domain Validation
[   52.411237] e1000 0000:00:03.0 eth0: (PCI:33MHz:32-bit) 02:06:6d:81:c6:8d
[   52.411240] e1000 0000:00:03.0 eth0: Intel(R) PRO/1000 Network Connection
[   53.033823] floppy0: no floppy controllers found
[   53.034196] e1000 0000:00:03.0 enp0s3: renamed from eth0
[   53.229932] scsi target2:0:1: Domain Validation skipping write tests
[   53.647019] scsi target2:0:1: Ending Domain Validation
[   53.884383] scsi target2:0:1: asynchronous
[   54.105754] sd 2:0:0:0: [sda] 20971520 512-byte logical blocks: (10.7 GB/10.0 GiB)
[   54.105798] sd 2:0:0:0: Attached scsi generic sg0 type 0
[   54.106132] sd 2:0:1:0: Attached scsi generic sg1 type 0
[   54.145129] sd 2:0:1:0: [sdb] 20480 512-byte logical blocks: (10.5 MB/10.0 MiB)
[   54.265244] sd 2:0:1:0: [sdb] Write Protect is off
[   54.273992] sd 2:0:0:0: [sda] Write Protect is off
[   54.288185] sd 2:0:1:0: [sdb] Incomplete mode parameter data
[   54.293449] sd 2:0:0:0: [sda] Incomplete mode parameter data
[   54.293450] sd 2:0:0:0: [sda] Assuming drive cache: write through
[   54.567859]  sda: sda1
[   54.568680] sd 2:0:0:0: [sda] Attached SCSI disk
[   55.342863] sd 2:0:1:0: [sdb] Assuming drive cache: write through
[   55.363901] sd 2:0:1:0: [sdb] Attached SCSI disk
Begin: Loading e[   56.637840] md: linear personality registered for level -1
ssential drivers[   56.790909] md: multipath personality registered for level -4
 ... [   56.959605] md: raid0 personality registered for level 0
[   57.136095] md: raid1 personality registered for level 1
[   57.552363] raid6: sse2x1   gen()  9232 MB/s
[   57.743870] raid6: sse2x1   xor()  6417 MB/s
[   57.940141] raid6: sse2x2   gen() 12176 MB/s
[   58.107914] raid6: sse2x2   xor()  7509 MB/s
[   58.224049] raid6: sse2x4   gen() 13347 MB/s
[   58.372101] raid6: sse2x4   xor()  9468 MB/s
[   58.484655] raid6: using algorithm sse2x4 gen() 13347 MB/s
[   58.586642] raid6: .... xor() 9468 MB/s, rmw enabled
[   58.685204] raid6: using ssse3x2 recovery algorithm
[   58.829353] xor: automatically using best checksumming function:
[   59.092666]    avx       : 56878.000 MB/sec
[   59.264457] async_tx: api initialized (async)
[   59.394005] md: raid6 personality registered for level 6
[   59.548626] md: raid5 personality registered for level 5
[   59.647041] md: raid4 personality registered for level 4
[   59.682468] md: raid10 personality registered for level 10
done.
Begin: Running /scripts/i[   59.873768] Btrfs loaded
nit-premount ... done.
Begin: Mounting root fil[   59.977731] EXT4-fs (sda1): mounted filesystem with ordered data mode. Opts: (null)
e system ... Begin: Running /scripts/local-top ... done.
Begin: Running /scripts/local-premount ... Scanning for Btrfs filesystems
done.
Warning: fsck not present, so skipping root file system
done.
Begin: Running /scripts/local-bottom ... done.
Begin: Running /scripts/init-bottom ... done.
[   60.021344] systemd[1]: systemd 229 running in system mode. (+PAM +AUDIT +SELINUX +IMA +APPARMOR +SMACK +SYSVINIT +UTMP +LIBCRYPTSETUP +GCRYPT +GNUTLS +ACL +XZ -LZ4 +SECCOMP +BLKID +ELFUTILS +KMOD -IDN)
[   60.539227] systemd[1]: Detected virtualization oracle.
[   60.690153] systemd[1]: Detected architecture x86-64.

Welcome to [1mUbuntu 16.04.1 LTS[0m!

[   60.817120] systemd[1]: Set hostname to <ubuntu>.
[   60.964285] systemd[1]: Initializing machine ID from random generator.
[   61.153764] systemd[1]: Installed transient /etc/machine-id file.
[   61.383754] systemd[1]: Set up automount Arbitrary Executable File Formats File System Automount Point.
[[0;32m  OK  [0m] Set up automount Arbitrary Executab...ats File System Automount Point.
[   61.752702] systemd[1]: Created slice User and Session Slice.
[[0;32m  OK  [0m] Created slice User and Session Slice.
[   61.948753] systemd[1]: Listening on Journal Socket.
[[0;32m  OK  [0m] Listening on Journal Socket.
[   62.155700] systemd[1]: Listening on udev Control Socket.
[[0;32m  OK  [0m] Listening on udev Control Socket.
[   62.372509] systemd[1]: Listening on Journal Audit Socket.
[[0;32m  OK  [0m] Listening on Journal Audit Socket.
[   62.588507] systemd[1]: Listening on LVM2 poll daemon socket.
[[0;32m  OK  [0m] Listening on LVM2 poll daemon socket.
[   62.824341] systemd[1]: Reached target User and Group Name Lookups.
[[0;32m  OK  [0m] Reached target User and Group Name Lookups.
[   63.044520] systemd[1]: Started Forward Password Requests to Wall Directory Watch.
[[0;32m  OK  [0m] Started Forward Password Requests to Wall Directory Watch.
[   63.348504] systemd[1]: Listening on Syslog Socket.
[[0;32m  OK  [0m] Listening on Syslog Socket.
[   63.548257] systemd[1]: Reached target Swap.
[[0;32m  OK  [0m] Reached target Swap.
[   63.700495] systemd[1]: Listening on /dev/initctl Compatibility Named Pipe.
[[0;32m  OK  [0m] Listening on /dev/initctl Compatibility Named Pipe.
[   63.964117] systemd[1]: Listening on udev Kernel Socket.
[[0;32m  OK  [0m] Listening on udev Kernel Socket.
[   64.148604] systemd[1]: Listening on Device-mapper event daemon FIFOs.
[[0;32m  OK  [0m] Listening on Device-mapper event daemon FIFOs.
[   64.400648] systemd[1]: Created slice System Slice.
[[0;32m  OK  [0m] Created slice System Slice.
[   64.600596] systemd[1]: Starting Set console keymap...
[   64.745290] random: nonblocking pool is initialized
         Starting Set console keymap...
[   64.956141] systemd[1]: Starting Create list of required static device nodes for the current kernel...
         Starting Create list of required st... nodes for the current kernel...
[   65.192517] systemd[1]: Mounting Huge Pages File System...
         Mounting Huge Pages File System...
[   65.408104] systemd[1]: Starting Remount Root and Kernel File Systems...
         [   65.603602] EXT4-fs (sda1): re-mounted. Opts: (null)
Starting Remount Root and Kernel File Systems...
[   65.960822] systemd[1]: Mounting Debug File System...
         Mounting Debug File System...
[   66.124255] systemd[1]: Created slice system-serial\x2dgetty.slice.
[[0;32m  OK  [0m] Created slice system-serial\x2dgetty.slice.
[   66.376273] systemd[1]: Starting Uncomplicated firewall...
         Starting Uncomplicated firewall...
[   66.564602] systemd[1]: Reached target Slices.
[[0;32m  OK  [0m] Reached target Slices.
[   66.748319] systemd[1]: Starting Nameserver information manager...
         Starting Nameserver information manager...
[   66.960723] systemd[1]: Starting Load Kernel Modules...
         [   67.103356] Loading iSCSI transport class v2.0-870.
Starting Load Kernel Modules...[   67.201331] iscsi: registered transport (tcp)

[   67.213667] systemd[1]: Reached target Encrypted Volumes.
[[0;32m  OK  [0m] Reached targe[   67.321789] iscsi: registered transport (iser)
t Encrypted Volumes.
[   67.516153] systemd[1]: Listening on LVM2 metadata daemon socket.
[[0;32m  OK  [0m] Listening on LVM2 metadata daemon socket.
[   67.772419] systemd[1]: Starting Monitoring of LVM2 mirrors, snapshots etc. using dmeventd or progress polling...
         Starting Monitoring of LVM2 mirrors... dmeventd or progress polling...
[   68.172743] systemd[1]: Mounting POSIX Message Queue File System...
         Mounting POSIX Message Queue File System...
[   68.301631] systemd[1]: Listening on Journal Socket (/dev/log).
[[0;32m  OK  [0m] Listening on Journal Socket (/dev/log).
[   68.332882] systemd[1]: Starting Journal Service...
         Starting Journal Service...
[   68.547478] systemd[1]: Mounted Huge Pages File System.
[[0;32m  OK  [0m] Mounted Huge Pages File System.
[   68.760551] systemd[1]: Mounted Debug File System.
[[0;32m  OK  [0m] Mounted Debug File System.
[   68.960663] systemd[1]: Mounted POSIX Message Queue File System.
[[0;32m  OK  [0m] Mounted POSIX Message Queue File System.
[   69.204925] systemd[1]: Started Journal Service.
[[0;32m  OK  [0m] Started Journal Service.
[[0;32m  OK  [0m] Started Set console keymap.
[[0;32m  OK  [0m] Started Create list of required sta...ce nodes for the current kernel.
[[0;32m  OK  [0m] Started Remount Root and Kernel File Systems.
[[0;32m  OK  [0m] Started Uncomplicated firewall.
[[0;32m  OK  [0m] Started Load Kernel Modules.
[[0;32m  OK  [0m] Started Nameserver information manager.
[[0;32m  OK  [0m] Started LVM2 metadata daemon.
         Mounting FUSE Control File System...
         Starting Apply Kernel Variables...
         Starting udev Coldplug all Devices...
         Starting Load/Save Random Seed...
         Starting Initial cloud-init job (pre-networking)...
         Starting Create Static Device Nodes in /dev...
         Starting Flush Journal to Persistent Storage...
[[0;32m  OK  [0m] Mounted FUSE Control File System.
[[0;32m  OK  [0m] Started Monitoring of LVM2 mirrors,...ng dmeventd or progress polling.
[[0;32m  OK  [0m] Started Apply Kernel Variables.
[[0;32m  OK  [0m] Started Load/Save Random Seed.
[[0;32m  OK  [0m] Started Create Static Device Nodes in /dev.
[[0;32m  OK  [0m] Started udev Coldplug all Devices.
[[0;32m  OK  [0m] Started Flush Journal to Persistent Storage.
         Starting udev Kernel Device Manager...
[[0;32m  OK  [0m] Started udev Kernel Device Manager.
[[0;32m  OK  [0m] Reached target Local File Systems (Pre).
[[0;32m  OK  [0m] Reached target Local File Systems.
         Starting Commit a transient machine-id on disk...
[   41.277266] cloud-init[486]: Cloud-init v. 0.7.8 running 'init-local' at Fri, 03 Feb 2017 14:03:23 +0000. Up 41.01 seconds.
         Starting Tell Plymouth To Write Out Runtime Data...
         Starting Set console font and keymap...
         Starting Create Volatile Files and Directories...
         Starting LSB: AppArmor initialization...
[[0;32m  OK  [0m] Started Dispatch Password Requests to Console Directory Watch.
[[0;32m  OK  [0m] Started Commit a transient machine-id on disk.
[[0;32m  OK  [0m] Started Tell Plymouth To Write Out Runtime Data.
[[0;32m  OK  [0m] Started Set console font and keymap.
[[0;32m  OK  [0m] Started Create Volatile Files and Directories.
[[0;32m  OK  [0m] Started Initial cloud-init job (pre-networking).
[[0;32m  OK  [0m] Found device /dev/ttyS0.
[[0;32m  OK  [0m] Listening on Load/Save RF Kill Switch Status /dev/rfkill Watch.
[[0;32m  OK  [0m] Reached target Network (Pre).
         Starting Update UTMP about System Boot/Shutdown...
[[0;32m  OK  [0m] Reached target System Time Synchronized.
[[0;32m  OK  [0m] Created slice system-getty.slice.
[[0;32m  OK  [0m] Started LSB: AppArmor initialization.
[[0;32m  OK  [0m] Started Update UTMP about System Boot/Shutdown.
         Starting Raise network interfaces...
[[0;32m  OK  [0m] Started ifup for enp0s3.
[[0;32m  OK  [0m] Started Raise network interfaces.
[[0;32m  OK  [0m] Reached target Network.
         Starting Initial cloud-init job (metadata service crawler)...
[   44.977906] cloud-init[1053]: Cloud-init v. 0.7.8 running 'init' at Fri, 03 Feb 2017 14:03:26 +0000. Up 44.59 seconds.
[   45.032396] cloud-init[1053]: ci-info: +++++++++++++++++++++++++++++++++++++Net device info+++++++++++++++++++++++++++++++++++++
[   45.032665] cloud-init[1053]: ci-info: +--------+------+---------------------------+---------------+-------+-------------------+
[[0;32m  OK  [0m] Started Initial cloud-init job (metadata service crawler).
[   45.032808] cloud-init[1053]: ci-info: | Device |  Up  |          Address          |      Mask     | Scope |     Hw-Address    |
[[0;32m  OK  [0m[   45.132271] ] cloud-initReached target Network is Online.[1053]: 
ci-info: +--------+------+---------------------------+---------------+-------+-------------------+
[   45.148210] cloud-init[1053]: ci-info: | enp0s3 | True |         10.0.2.15         | 255.255.255.0 |   .   | 02:06:6d:81:c6:8d |
[   45.148472] cloud-init[1053]: ci-info: | enp0s3 | True | fe80::6:6dff:fe81:c68d/64 |       .       |  link | 02:06:6d:81:c6:8d |
         Starting iSCSI initiator daemon (iscsid)...
[[   45.148690] cloud-init[1053]: ci-info: |   lo   | True |         127.0.0.1         |   255.0.0.0   |   .   |         .         |
[   45.332862] cloud-init[1053]: ci-info: |   lo   | True |          ::1/128          |       .       |  host |         .         |
[0;32m  OK  [0m] Reached target System Initialization.
[[   45.332931] cloud-init[1053]: ci-info: +--------+------+---------------------------+---------------+-------+-------------------+
[   45.477006] cloud-init[1053]: ci-info: +++++++++++++++++++++++++++Route IPv4 info++++++++++++++++++++++++++++
[0;32m  OK  [0m] Started Timer to automatically refresh installed snaps.
[[   45.477076] cloud-init[1053]: ci-info: +-------+-------------+----------+---------------+-----------+-------+
[   45.537602] cloud-init[1053]: ci-info: | Route | Destination | Gateway  |    Genmask    | Interface | Flags |
[0;32m  OK  [0m] Listening on UUID daemon activation socket.
[   45.537668] cloud-init[1053]: ci-info: +-------+-------------+----------+---------------+-----------+-------+
[   45.678000] cloud-init[1053]: ci-info: |   0   |   0.0.0.0   | 10.0.2.2 |    0.0.0.0    |   enp0s3  |   UG  |
[[0;32m  OK  [0m] Listening on D-Bus System Message Bus Socket.
[   45.678085] cloud-init[1053]: ci-info: |   1   |   10.0.2.0  | 0.0.0.0  | 255.255.255.0 |   enp0s3  |   U   |
[   45.834317] cloud-init[1053]: ci-info: +-------+-------------+----------+---------------+-----------+-------+
         Starting LXD - unix socket.
[   45.834796] cloud-init[1053]: Generating public/private rsa key pair.
[   45.938941] cloud-init[1053]: Your identification has been saved in /etc/ssh/ssh_host_rsa_key.
[   45.939174] cloud-init[1053]: Your public key has been saved in /etc/ssh/ssh_host_rsa_key.pub.
[[0;32m  OK  [0m] Started ACPI Events Check.
[[   45.939296] cloud-init[1053]: The key fingerprint is:
[   46.031453] cloud-init[1053]: SHA256:OEFnA9Axx3IjOI+mcPjgoXLfMus7OW6nGZ97hPA1QOI root@ubuntu-xenial
[0;32m  OK  [0m] Listening on ACPID Listen Socket.
[[   46.031536] cloud-init[1053]: The key's randomart image is:
[0;32m  OK  [0m] Started Daily apt activities.
[[   46.176957] cloud-init[1053]: +---[RSA 2048]----+
[   46.256530] cloud-init[1053]: |    o=*+=        |
[0;32m  OK  [0m] Started Trigger resolvconf update for networkd DNS.
[   46.256615] cloud-init[1053]: |   .oo==+.       |
[   46.345157] cloud-init[1053]: | .  E+.= .       |
[[0;32m  OK  [0m] Reached target Paths.
[[   46.345282] cloud-init[1053]: |+.. + .oo        |
[   46.425105] cloud-init[1053]: |o=.o oooS.       |
[   46.425260] cloud-init[1053]: |o.+   o..        |
[0;32m  OK  [0m] Started Daily Cleanup of Temporary Directories.
[[   46.425292] cloud-init[1053]: |.. ..o .         |
[   46.532696] cloud-init[1053]: |    O+o..        |
[0;32m  OK  [0m] Reached target Timers.
         Starting Socket activation for snappy daemon.[   46.532785] 
cloud-init[1053]: |   +BX+o         |
[   46.581962] cloud-init[1053]: +----[SHA256]-----+
[   46.582222] cloud-init[1053]: Generating public/private dsa key pair.
[[0;32m  OK  [0m] Reached target Cloud-config availability.
[   46.582360] cloud-init[1053]: Your identification has been saved in /etc/ssh/ssh_host_dsa_key.
[[   46.668871] cloud-init[1053]: Your public key has been saved in /etc/ssh/ssh_host_dsa_key.pub.
[   46.669254] cloud-init[1053]: The key fingerprint is:
[0;32m  OK  [0m] Listening on LXD - unix socket.
[[   46.669322] cloud-init[1053]: SHA256:KRcvObHNmMvUyKD4yIg8x38dQzEmi1H0Kp3qlMshu+g root@ubuntu-xenial
[   46.763461] cloud-init[1053]: The key's randomart image is:
[0;32m  OK  [0m] Listening on Socket activation for snappy daemon.
[[   46.763562] cloud-init[1053]: +---[DSA 1024]----+
[   46.839124] cloud-init[1053]: |      oo         |
[   46.839217] cloud-init[1053]: |     . ..+       |
[0;32m  OK  [0m] Started iSCSI initiator daemon (iscsid).
[   46.839343] cloud-init[1053]: |      + *.o      |
[   46.920390] cloud-init[1053]: |   . o.+o/       |
[   46.920605] cloud-init[1053]: |  . ...+S =      |
         Starting Login to default iSCSI targets...
[[   46.920710] cloud-init[1053]: |oo.o  += *       |
[   46.999781] cloud-init[1053]: |ooo+.=  + o      |
[0;32m  OK  [0m] Reached target Sockets.
[   46.999850] cloud-init[1053]: |  + B o. .       |
[   47.089034] cloud-init[1053]: |.E o.=.          |
[[0;32m  OK  [0m] Reached target Basic System.
[   47.089120] cloud-init[1053]: +----[SHA256]-----+
[   47.212306] cloud-init[1053]: Generating public/private ecdsa key pair.
[   47.212583] cloud-init[1053]: Your identification has been saved in /etc/ssh/ssh_host_ecdsa_key.
         Starting LSB: Record successful boot for GRUB...
[   47.212709] cloud-init[1053]: Your public key has been saved in /etc/ssh/ssh_host_ecdsa_key.pub.
[   47.376275] cloud-init[1053]: The key fingerprint is:
[   47.376610] cloud-init[1053]: SHA256:LzNsCU+lXRnqYmMQGsSFVmoSNFx5fkOfOFpSj16PB7g root@ubuntu-xenial
         Starting Accounts Service...
[   47.376800] cloud-init[1053]: The key's randomart image is:
[   47.428369] cloud-init[1053]: +---[ECDSA 256]---+
[   47.428666] cloud-init[1053]: | o+++=+     .    |
         Starting LSB: MD monitoring daemon...
[   47.428809] cloud-init[1053]: |  .o=+..o  . o   |
[   47.476308] cloud-init[1053]: |  ..+o.o *o.o    |
[   47.504281] cloud-init[1053]: |   o  o.O=*.     |
[   47.504560] cloud-init[1053]: |      .*S=o+     |
         Starting System Logging Service...
[   47.504690] cloud-init[1053]: |      .BE=. o    |
[   47.554312] cloud-init[1053]: |        O ..     |
[   47.555371] cloud-init[1053]: |       . +       |
         Starting Login Service...
[   47.595483] cloud-init[1053]: |                 |
         Starting Pollinate to seed the pseudo random number generator...
[   47.638874] cloud-init[1053]: +----[SHA256]-----+
[   47.692492] cloud-init[1053]: Generating public/private ed25519 key pair.
[   47.692783] cloud-init[1053]: Your identification has been saved in /etc/ssh/ssh_host_ed25519_key.
         Starting /etc/rc.local Compatibility...
[   47.692940] cloud-init[1053]: Your public key has been saved in /etc/ssh/ssh_host_ed25519_key.pub.
[   47.788293] cloud-init[1053]: The key fingerprint is:
[   47.788572] cloud-init[1053]: SHA256:axrIDq+rv4ZIUXyaX9vST3ACLOPmqaKl66UNl0R2AhU root@ubuntu-xenial
         Starting Apply the settings specified in cloud-config...
[   47.788731] cloud-init[1053]: The key's randomart image is:
[   47.936319] cloud-init[1053]: +--[ED25519 256]--+
[   47.936655] cloud-init[1053]: | .oE. .          |
[[0;32m  OK  [0m] Started FUSE filesystem for LXC.
[   47.936780] cloud-init[1053]: |  .o + o         |
[   48.052612] cloud-init[1053]: |  .+=.o .        |
[   48.052825] cloud-init[1053]: | .oooo . o .     |
[[0;32m  OK  [0m] Started Deferred execution scheduler.
[   48.052925] cloud-init[1053]: |  ..+ o S +      |
[   48.204794] cloud-init[1053]: | ....= o + .     |
[   48.205163] cloud-init[1053]: |ooo++ . + o      |
[[0;32m  OK  [0m] Started Regular background program processing daemon.
[   48.205277] cloud-init[1053]: |o+B=   +   .     |
[[   48.318170] cloud-init[1053]: |BB*=o .          |
[   48.318400] cloud-init[1053]: +----[SHA256]-----+
[0;32m  OK  [0m] Started Snappy daemon.
[   48.321026] cloud-init[1213]: Generating locales (this might take a while)...
         Starting Auto import assertions from block devices...
[[0;32m  OK  [0m] Started D-Bus System Message Bus.
[[0;32m  OK  [0m] Started ACPI event daemon.
         Starting LXD - container startup/shutdown...
[[0;32m  OK  [0m] Started System Logging Service.
[[0;32m  OK  [0m] Started Pollinate to seed the pseudo random number generator.
[[0;32m  OK  [0m] Started /etc/rc.local Compatibility.
[[0;32m  OK  [0m] Started Auto import assertions from block devices.
[[0;32m  OK  [0m] Started LXD - container startup/shutdown.
[[0;32m  OK  [0m] Started LSB: Record successful boot for GRUB.
[[0;32m  OK  [0m] Started Login to default iSCSI targets.
[   48.842563] cloud-init[1213]:   en_US.UTF-8... done
[[0;32m  OK  [0m] Started LSB: MD monitoring daemon.
[   48.936514] cloud-init[1213]: Generation complete.
[[0;32m  OK  [0m] Started Login Service.
         Starting Authenticate and Authorize Users to Run Privileged Tasks...
[[0;32m  OK  [0m] Reached target Remote File Systems (Pre).
[[0;32m  OK  [0m] Reached target Remote File Systems.
         Starting LSB: daemon to balance interrupts for SMP systems...
         Starting LSB: Set the CPU Frequency Scaling governor to "ondemand"...
         Starting Permit User Sessions...
         Starting LSB: VirtualBox Linux Additions...
         Starting LSB: automatic crash report generation...
[[0;32m  OK  [0m] Stopped OpenBSD Secure Shell server.
         Starting OpenBSD Secure Shell server...
[[0;32m  OK  [0m] Started OpenBSD Secure Shell server.
[[0;32m  OK  [0m] Started Permit User Sessions.
[[0;32m  OK  [0m] Started Authenticate and Authorize Users to Run Privileged Tasks.
[[0;32m  OK  [0m] Started Accounts Service.
         Starting Terminate Plymouth Boot Screen...
         Starting Hold until boot process finishes up...
[[0;32m  OK  [0m] Started LSB: daemon to balance interrupts for SMP systems.
[[0;32m  OK  [0m] Started LSB: Set the CPU Frequency Scaling governor to "ondemand".
[[0;32m  OK  [0m] Started LSB: VirtualBox Linux Additions.
[   49.675090] cloud-init[1213]: Cloud-init v. 0.7.8 running 'modules:config' at Fri, 03 Feb 2017 14:03:30 +0000. Up 47.97 seconds.
[[0;32m  OK  [0m] Started LSB: automatic crash report generation.
[[0;32m  OK  [0m] Started Apply the settings specified in cloud-config.
[[0;32m  OK  [0m] Started Terminate Plymouth Boot Screen.
[[0;32m  OK  [0m] Started Hold until boot process finishes up.
[[0;32m  OK  [0m] Created slice User Slice of ubuntu.
         Starting User Manager for UID 1000...
[[0;32m  OK  [0m] Started Session 1 of user ubuntu.
         Starting Set console scheme...
[[0;32m  OK  [0m] Started Serial Getty on ttyS0.
[[0;32m  OK  [0m] Started Getty on tty1.
[[0;32m  OK  [0m] Reached target Login Prompts.
[[0;32m  OK  [0m] Reached target Multi-User System.
         Starting Execute cloud user/final scripts...
[[0;32m  OK  [0m] Reached target Graphical Interface.
         Starting Update UTMP about System Runlevel Changes...
[[0;32m  OK  [0m] Started User Manager for UID 1000.
ci-info: no authorized ssh keys fingerprints found for user ubuntu.
[[0;32m  OK  [0m] Started Set console scheme.
<14>Feb  3 14:03:32 ec2: 
<14>Feb  3 14:03:32 ec2: #############################################################
<14>Feb  3 14:03:32 ec2: -----BEGIN SSH HOST KEY FINGERPRINTS-----
<14>Feb  3 14:03:32 ec2: 1024 SHA256:KRcvObHNmMvUyKD4yIg8x38dQzEmi1H0Kp3qlMshu+g root@ubuntu-xenial (DSA)
<14>Feb  3 14:03:32 ec2: 256 SHA256:LzNsCU+lXRnqYmMQGsSFVmoSNFx5fkOfOFpSj16PB7g root@ubuntu-xenial (ECDSA)
<14>Feb  3 14:03:32 ec2: 256 SHA256:axrIDq+rv4ZIUXyaX9vST3ACLOPmqaKl66UNl0R2AhU root@ubuntu-xenial (ED25519)
<14>Feb  3 14:03:32 ec2: 2048 SHA256:OEFnA9Axx3IjOI+mcPjgoXLfMus7OW6nGZ97hPA1QOI root@ubuntu-xenial (RSA)
<14>Feb  3 14:03:32 ec2: -----END SSH HOST KEY FINGERPRINTS-----
<14>Feb  3 14:03:32 ec2: #############################################################
-----BEGIN SSH HOST KEY KEYS-----
ecdsa-sha2-nistp256 AAAAE2VjZHNhLXNoYTItbmlzdHAyNTYAAAAIbmlzdHAyNTYAAABBBCA8+jpRjof+LfPuKAL7v2eaLrhH+L+A/uyn8kFbLCmccOCP20KrALbRLuBG6G4vb1PqhIieSQ3uipSsIzUgy28= root@ubuntu-xenial
ssh-ed25519 AAAAC3NzaC1lZDI1NTE5AAAAIPq/ty7ykpLYEZauSWCCJ4afi1Whos34ZL7mn0ipGygJ root@ubuntu-xenial
ssh-rsa AAAAB3NzaC1yc2EAAAADAQABAAABAQCkoNA15EE4E/u2RvYsQvwM3EpleS8HJiL+cakuOE9PqElFEO66RnkacV6U+KzBIjfMIp9+kZFbrLUwLIqDkTT0FicBkpvAH1A1JjeqSQGJZRPruMQd3FT47Kh7qfemBgg8W0I1UbyVo3Y3K5cHzyhTMWUjBOeGAPnSdo8BzXzJjPivjXVvm06veRNYoGjMILA1moXJqPYqS+QVaQrZ/bPxu9l1+1YBXGkuQxefKqF3JUPjBrNqUSeA0isX+XxQ1NEkGAtfzgJ0yCjy80ajmz564oMiP2umyJfMOZ1p/Wyk2TFtPFThVsqEqimKATH30IA40iu4Z0XoTq1AUp5duP6v root@ubuntu-xenial
-----END SSH HOST KEY KEYS-----
[[0;32m  OK  [0m] Started Update UTMP about System Runlevel Changes.
[   52.016041] cloud-init[1415]: Cloud-init v. 0.7.8 running 'modules:final' at Fri, 03 Feb 2017 14:03:32 +0000. Up 50.73 seconds.
[   52.132821] cloud-init[1415]: ci-info: no authorized ssh keys fingerprints found for user ubuntu.
[   52.180337] cloud-init[1415]: Cloud-init v. 0.7.8 finished at Fri, 03 Feb 2017 14:03:34 +0000. Datasource DataSourceNoCloud [seed=/dev/sdb][dsmode=net].  Up 52.00 seconds
[[0;32m  OK  [0m] Started Execute cloud user/final scripts.
[[0;32m  OK  [0m] Reached target Cloud-init target.

Ubuntu 16.04.1 LTS ubuntu-xenial ttyS0

ubuntu-xenial login:          Stopping Authenta[[0;32m  OK  [0m] Unmounted /var/lib/lxcfs.
[[0;32m  OK  [0m] Stopped Accounts Service.
[[0;32m  OK  [0m] Stopped System Logging Service.
[[0;32m  OK  [0m] Stopped Deferred execution scheduler.
[[0;32m  OK  [0m] Stopped Regular background program processing daemon.
[[0;32m  OK  [0m] Stopped Snappy daemon.
[[0;32m  OK  [0m] Stopped ACPI event daemon.
[[0;32m  OK  [0m] Stopped Authenticate and Authorize Users to Run Privileged Tasks.
[[0;32m  OK  [0m] Stopped OpenBSD Secure Shell server.
[[0;32m  OK  [0m] Stopped Serial Getty on ttyS0.
[[0;32m  OK  [0m] Stopped Getty on tty1.
[[0;32m  OK  [0m] Stopped User Manager for UID 1000.
[[0;32m  OK  [0m] Stopped Session 15 of user ubuntu.
[[0;32m  OK  [0m] Stopped D-Bus System Message Bus.
[[0;32m  OK  [0m] Stopped FUSE filesystem for LXC.
[[0;32m  OK  [0m] Stopped LXD - container startup/shutdown.
[[0;32m  OK  [0m] Stopped LSB: automatic crash report generation.
[[0;32m  OK  [0m] Stopped LSB: VirtualBox Linux Additions.
[[0;32m  OK  [0m] Stopped LSB: Set the CPU Frequency Scaling governor to "ondemand".
[[0;32m  OK  [0m] Stopped LSB: Record successful boot for GRUB.
[[0;32m  OK  [0m] Stopped LSB: MD monitoring daemon.
[[0;32m  OK  [0m] Stopped LSB: daemon to balance interrupts for SMP systems.
[[0;32m  OK  [0m] Removed slice User Slice of ubuntu.
         Stopping Login Service...
[[0;32m  OK  [0m] Removed slice system-getty.slice.
[[0;32m  OK  [0m] Removed slice system-serial\x2dgetty.slice.
         Stopping Permit User Sessions...
[[0;32m  OK  [0m] Stopped /etc/rc.local Compatibility.
[[0;32m  OK  [0m] Stopped Login Service.
[[0;32m  OK  [0m] Stopped Permit User Sessions.
[[0;32m  OK  [0m] Stopped target Remote File Systems.
[[0;32m  OK  [0m] Stopped target Remote File Systems (Pre).
         Stopping Login to default iSCSI targets...
[[0;32m  OK  [0m] Stopped target User and Group Name Lookups.
[[0;32m  OK  [0m] Stopped target Basic System.
[[0;32m  OK  [0m] Stopped target Paths.
[[0;32m  OK  [0m] Stopped ACPI Events Check.
[[0;32m  OK  [0m] Stopped Forward Password Requests to Wall Directory Watch.
[[0;32m  OK  [0m] Stopped Trigger resolvconf update for networkd DNS.
[[0;32m  OK  [0m] Stopped Dispatch Password Requests to Console Directory Watch.
[[0;32m  OK  [0m] Stopped target Slices.
[[0;32m  OK  [0m] Removed slice User and Session Slice.
[[0;32m  OK  [0m] Stopped target Sockets.
[[0;32m  OK  [0m] Closed ACPID Listen Socket.
[[0;32m  OK  [0m] Closed LXD - unix socket.
[[0;32m  OK  [0m] Closed Syslog Socket.
[[0;32m  OK  [0m] Closed Socket activation for snappy daemon.
[[0;32m  OK  [0m] Closed UUID daemon activation socket.
[[0;32m  OK  [0m] Closed D-Bus System Message Bus Socket.
[[0;32m  OK  [0m] Stopped target System Initialization.
[[0;32m  OK  [0m] Stopped Commit a transient machine-id on disk.
         Stopping Load/Save Random Seed...
[[0;32m  OK  [0m] Stopped Create Volatile Files and Directories.
[[0;32m  OK  [0m] Stopped target Swap.
[[0;32m  OK  [0m] Stopped target Encrypted Volumes.
[[0;32m  OK  [0m] Stopped Load/Save Random Seed.
[[0;32m  OK  [0m] Stopped Login to default iSCSI targets.
         Stopping iSCSI initiator daemon (iscsid)...
[[0;32m  OK  [0m] Stopped iSCSI initiator daemon (iscsid).
[[0;32m  OK  [0m] Stopped target Network is Online.
[[0;32m  OK  [0m] Stopped target Network.
[[0;32m  OK  [0m] Stopped Initial cloud-init job (metadata service crawler).
         Stopping Raise network interfaces...
[[0;32m  OK  [0m] Stopped Raise network interfaces.
[[0;32m  OK  [0m] Stopped target Local File Systems.
         Unmounting /vagrant...
         Unmounting /run/user/1000...
         Starting Unattended Upgrades Shutdown...
[[0;32m  OK  [0m] Stopped target Network (Pre).
[[0;32m  OK  [0m] Stopped Initial cloud-init job (pre-networking).
[[0;32m  OK  [0m] Stopped Apply Kernel Variables.
[[0;32m  OK  [0m] Stopped Load Kernel Modules.
[[0;32m  OK  [0m] Unmounted /vagrant.
[[0;32m  OK  [0m] Unmounted /run/user/1000.
[[0;32m  OK  [0m] Started Unattended Upgrades Shutdown.
[[0;32m  OK  [0m] Reached target Unmount All Filesystems.
[[0;32m  OK  [0m] Stopped target Local File Systems (Pre).
[[0;32m  OK  [0m] Stopped Remount Root and Kernel File Systems.
         Stopping Monitoring of LVM2 mirrors... dmeventd or progress polling...
[[0;32m  OK  [0m] Stopped Create Static Device Nodes in /dev.
[[0;32m  OK  [0m] Reached target Shutdown.
[33429.736957] reboot: Power down
